{"D:\\TavernData\\制卡\\世界书编写\\worldbook_newScript\\Script-Destined-Journey\\src\\index.ts": {"path":"D:\\TavernData\\制卡\\世界书编写\\worldbook_newScript\\Script-Destined-Journey\\src\\index.ts","statementMap":{"0":{"start":{"line":29,"column":46},"end":{"line":35,"column":2}},"1":{"start":{"line":40,"column":29},"end":{"line":75,"column":1}},"2":{"start":{"line":42,"column":2},"end":{"line":42,"column":62}},"3":{"start":{"line":45,"column":17},"end":{"line":45,"column":49}},"4":{"start":{"line":46,"column":2},"end":{"line":48,"column":3}},"5":{"start":{"line":47,"column":4},"end":{"line":47,"column":57}},"6":{"start":{"line":51,"column":2},"end":{"line":51,"column":76}},"7":{"start":{"line":54,"column":22},"end":{"line":54,"column":82}},"8":{"start":{"line":55,"column":18},"end":{"line":55,"column":92}},"9":{"start":{"line":58,"column":36},"end":{"line":61,"column":4}},"10":{"start":{"line":62,"column":32},"end":{"line":65,"column":4}},"11":{"start":{"line":67,"column":2},"end":{"line":67,"column":13}},"12":{"start":{"line":68,"column":2},"end":{"line":68,"column":38}},"13":{"start":{"line":69,"column":2},"end":{"line":69,"column":42}},"14":{"start":{"line":70,"column":2},"end":{"line":70,"column":45}},"15":{"start":{"line":71,"column":2},"end":{"line":71,"column":24}},"16":{"start":{"line":72,"column":2},"end":{"line":72,"column":26}},"17":{"start":{"line":73,"column":2},"end":{"line":73,"column":23}},"18":{"start":{"line":74,"column":2},"end":{"line":74,"column":26}},"19":{"start":{"line":80,"column":13},"end":{"line":93,"column":1}},"20":{"start":{"line":82,"column":2},"end":{"line":82,"column":37}},"21":{"start":{"line":85,"column":2},"end":{"line":85,"column":80}},"22":{"start":{"line":86,"column":2},"end":{"line":86,"column":71}},"23":{"start":{"line":87,"column":2},"end":{"line":87,"column":58}},"24":{"start":{"line":88,"column":2},"end":{"line":88,"column":61}},"25":{"start":{"line":89,"column":2},"end":{"line":89,"column":47}},"26":{"start":{"line":90,"column":2},"end":{"line":90,"column":38}},"27":{"start":{"line":91,"column":2},"end":{"line":91,"column":41}},"28":{"start":{"line":92,"column":2},"end":{"line":92,"column":28}},"29":{"start":{"line":96,"column":0},"end":{"line":98,"column":3}},"30":{"start":{"line":97,"column":2},"end":{"line":97,"column":23}}},"fnMap":{"0":{"name":"(anonymous_0)","decl":{"start":{"line":40,"column":29},"end":{"line":40,"column":30}},"loc":{"start":{"line":40,"column":90},"end":{"line":75,"column":1}}},"1":{"name":"(anonymous_1)","decl":{"start":{"line":80,"column":13},"end":{"line":80,"column":18}},"loc":{"start":{"line":80,"column":39},"end":{"line":93,"column":1}}},"2":{"name":"(anonymous_2)","decl":{"start":{"line":96,"column":2},"end":{"line":96,"column":5}},"loc":{"start":{"line":96,"column":7},"end":{"line":98,"column":1}}}},"branchMap":{"0":{"loc":{"start":{"line":46,"column":2},"end":{"line":48,"column":3}},"type":"if","locations":[{"start":{"line":46,"column":2},"end":{"line":48,"column":3}},{"start":{},"end":{}}]},"1":{"loc":{"start":{"line":51,"column":29},"end":{"line":51,"column":74}},"type":"cond-expr","locations":[{"start":{"line":51,"column":46},"end":{"line":51,"column":57}},{"start":{"line":51,"column":60},"end":{"line":51,"column":74}}]}},"s":{"0":0,"1":0,"2":0,"3":0,"4":0,"5":0,"6":0,"7":0,"8":0,"9":0,"10":0,"11":0,"12":0,"13":0,"14":0,"15":0,"16":0,"17":0,"18":0,"19":0,"20":0,"21":0,"22":0,"23":0,"24":0,"25":0,"26":0,"27":0,"28":0,"29":0,"30":0},"f":{"0":0,"1":0,"2":0},"b":{"0":[0,0],"1":[0,0]}}
,"D:\\TavernData\\制卡\\世界书编写\\worldbook_newScript\\Script-Destined-Journey\\src\\config\\index.ts": {"path":"D:\\TavernData\\制卡\\世界书编写\\worldbook_newScript\\Script-Destined-Journey\\src\\config\\index.ts","statementMap":{"0":{"start":{"line":13,"column":13},"end":{"line":20,"column":11}},"1":{"start":{"line":23,"column":13},"end":{"line":50,"column":11}},"2":{"start":{"line":53,"column":13},"end":{"line":64,"column":11}},"3":{"start":{"line":67,"column":13},"end":{"line":67,"column":69}},"4":{"start":{"line":71,"column":36},"end":{"line":73,"column":1}},"5":{"start":{"line":72,"column":2},"end":{"line":72,"column":39}},"6":{"start":{"line":71,"column":13},"end":{"line":71,"column":36}},"7":{"start":{"line":76,"column":31},"end":{"line":85,"column":1}},"8":{"start":{"line":77,"column":26},"end":{"line":81,"column":12}},"9":{"start":{"line":79,"column":27},"end":{"line":79,"column":55}},"10":{"start":{"line":80,"column":32},"end":{"line":80,"column":51}},"11":{"start":{"line":83,"column":18},"end":{"line":83,"column":51}},"12":{"start":{"line":84,"column":2},"end":{"line":84,"column":41}},"13":{"start":{"line":76,"column":13},"end":{"line":76,"column":31}},"14":{"start":{"line":88,"column":37},"end":{"line":90,"column":1}},"15":{"start":{"line":89,"column":2},"end":{"line":89,"column":50}},"16":{"start":{"line":88,"column":13},"end":{"line":88,"column":37}},"17":{"start":{"line":93,"column":26},"end":{"line":95,"column":1}},"18":{"start":{"line":94,"column":2},"end":{"line":94,"column":45}},"19":{"start":{"line":93,"column":13},"end":{"line":93,"column":26}},"20":{"start":{"line":98,"column":38},"end":{"line":100,"column":1}},"21":{"start":{"line":99,"column":2},"end":{"line":99,"column":80}},"22":{"start":{"line":98,"column":13},"end":{"line":98,"column":38}}},"fnMap":{"0":{"name":"(anonymous_0)","decl":{"start":{"line":71,"column":36},"end":{"line":71,"column":37}},"loc":{"start":{"line":71,"column":89},"end":{"line":73,"column":1}}},"1":{"name":"(anonymous_1)","decl":{"start":{"line":76,"column":31},"end":{"line":76,"column":32}},"loc":{"start":{"line":76,"column":64},"end":{"line":85,"column":1}}},"2":{"name":"(anonymous_2)","decl":{"start":{"line":79,"column":9},"end":{"line":79,"column":10}},"loc":{"start":{"line":79,"column":27},"end":{"line":79,"column":55}}},"3":{"name":"(anonymous_3)","decl":{"start":{"line":80,"column":12},"end":{"line":80,"column":13}},"loc":{"start":{"line":80,"column":32},"end":{"line":80,"column":51}}},"4":{"name":"(anonymous_4)","decl":{"start":{"line":88,"column":37},"end":{"line":88,"column":38}},"loc":{"start":{"line":88,"column":78},"end":{"line":90,"column":1}}},"5":{"name":"(anonymous_5)","decl":{"start":{"line":93,"column":26},"end":{"line":93,"column":27}},"loc":{"start":{"line":93,"column":60},"end":{"line":95,"column":1}}},"6":{"name":"(anonymous_6)","decl":{"start":{"line":98,"column":38},"end":{"line":98,"column":51}},"loc":{"start":{"line":98,"column":53},"end":{"line":100,"column":1}}}},"branchMap":{"0":{"loc":{"start":{"line":84,"column":9},"end":{"line":84,"column":40}},"type":"binary-expr","locations":[{"start":{"line":84,"column":9},"end":{"line":84,"column":27}},{"start":{"line":84,"column":31},"end":{"line":84,"column":40}}]}},"s":{"0":2,"1":2,"2":2,"3":2,"4":2,"5":1,"6":2,"7":2,"8":0,"9":0,"10":0,"11":0,"12":0,"13":2,"14":2,"15":1,"16":2,"17":2,"18":5,"19":2,"20":2,"21":0,"22":2},"f":{"0":1,"1":0,"2":0,"3":0,"4":1,"5":5,"6":0},"b":{"0":[0,0]}}
,"D:\\TavernData\\制卡\\世界书编写\\worldbook_newScript\\Script-Destined-Journey\\src\\injection\\event-prompts.ts": {"path":"D:\\TavernData\\制卡\\世界书编写\\worldbook_newScript\\Script-Destined-Journey\\src\\injection\\event-prompts.ts","statementMap":{"0":{"start":{"line":14,"column":34},"end":{"line":67,"column":1}},"1":{"start":{"line":15,"column":20},"end":{"line":15,"column":67}},"2":{"start":{"line":17,"column":36},"end":{"line":17,"column":73}},"3":{"start":{"line":26,"column":7},"end":{"line":26,"column":9}},"4":{"start":{"line":29,"column":2},"end":{"line":37,"column":3}},"5":{"start":{"line":30,"column":4},"end":{"line":36,"column":7}},"6":{"start":{"line":40,"column":36},"end":{"line":40,"column":62}},"7":{"start":{"line":43,"column":2},"end":{"line":61,"column":3}},"8":{"start":{"line":45,"column":4},"end":{"line":51,"column":7}},"9":{"start":{"line":54,"column":4},"end":{"line":60,"column":7}},"10":{"start":{"line":64,"column":2},"end":{"line":66,"column":3}},"11":{"start":{"line":65,"column":4},"end":{"line":65,"column":35}}},"fnMap":{"0":{"name":"(anonymous_0)","decl":{"start":{"line":14,"column":34},"end":{"line":14,"column":43}},"loc":{"start":{"line":14,"column":45},"end":{"line":67,"column":1}}}},"branchMap":{"0":{"loc":{"start":{"line":29,"column":2},"end":{"line":37,"column":3}},"type":"if","locations":[{"start":{"line":29,"column":2},"end":{"line":37,"column":3}},{"start":{},"end":{}}]},"1":{"loc":{"start":{"line":43,"column":2},"end":{"line":61,"column":3}},"type":"if","locations":[{"start":{"line":43,"column":2},"end":{"line":61,"column":3}},{"start":{},"end":{}}]},"2":{"loc":{"start":{"line":43,"column":6},"end":{"line":43,"column":52}},"type":"binary-expr","locations":[{"start":{"line":43,"column":6},"end":{"line":43,"column":26}},{"start":{"line":43,"column":30},"end":{"line":43,"column":52}}]},"3":{"loc":{"start":{"line":64,"column":2},"end":{"line":66,"column":3}},"type":"if","locations":[{"start":{"line":64,"column":2},"end":{"line":66,"column":3}},{"start":{},"end":{}}]}},"s":{"0":0,"1":0,"2":0,"3":0,"4":0,"5":0,"6":0,"7":0,"8":0,"9":0,"10":0,"11":0},"f":{"0":0},"b":{"0":[0,0],"1":[0,0],"2":[0,0],"3":[0,0]}}
,"D:\\TavernData\\制卡\\世界书编写\\worldbook_newScript\\Script-Destined-Journey\\src\\injection\\game-info.ts": {"path":"D:\\TavernData\\制卡\\世界书编写\\worldbook_newScript\\Script-Destined-Journey\\src\\injection\\game-info.ts","statementMap":{"0":{"start":{"line":13,"column":46},"end":{"line":13,"column":48}},"1":{"start":{"line":18,"column":42},"end":{"line":24,"column":1}},"2":{"start":{"line":19,"column":2},"end":{"line":23,"column":13}},"3":{"start":{"line":20,"column":19},"end":{"line":20,"column":28}},"4":{"start":{"line":21,"column":16},"end":{"line":21,"column":23}},"5":{"start":{"line":22,"column":23},"end":{"line":22,"column":42}},"6":{"start":{"line":35,"column":30},"end":{"line":76,"column":1}},"7":{"start":{"line":37,"column":24},"end":{"line":37,"column":75}},"8":{"start":{"line":38,"column":20},"end":{"line":38,"column":71}},"9":{"start":{"line":39,"column":27},"end":{"line":39,"column":78}},"10":{"start":{"line":40,"column":23},"end":{"line":40,"column":111}},"11":{"start":{"line":43,"column":25},"end":{"line":43,"column":72}},"12":{"start":{"line":46,"column":2},"end":{"line":75,"column":5}}},"fnMap":{"0":{"name":"(anonymous_0)","decl":{"start":{"line":18,"column":42},"end":{"line":18,"column":43}},"loc":{"start":{"line":18,"column":88},"end":{"line":24,"column":1}}},"1":{"name":"(anonymous_1)","decl":{"start":{"line":20,"column":12},"end":{"line":20,"column":15}},"loc":{"start":{"line":20,"column":19},"end":{"line":20,"column":28}}},"2":{"name":"(anonymous_2)","decl":{"start":{"line":21,"column":9},"end":{"line":21,"column":12}},"loc":{"start":{"line":21,"column":16},"end":{"line":21,"column":23}}},"3":{"name":"(anonymous_3)","decl":{"start":{"line":22,"column":12},"end":{"line":22,"column":19}},"loc":{"start":{"line":22,"column":23},"end":{"line":22,"column":42}}},"4":{"name":"(anonymous_4)","decl":{"start":{"line":35,"column":30},"end":{"line":35,"column":31}},"loc":{"start":{"line":35,"column":76},"end":{"line":76,"column":1}}}},"branchMap":{},"s":{"0":0,"1":0,"2":0,"3":0,"4":0,"5":0,"6":0,"7":0,"8":0,"9":0,"10":0,"11":0,"12":0},"f":{"0":0,"1":0,"2":0,"3":0,"4":0},"b":{}}
,"D:\\TavernData\\制卡\\世界书编写\\worldbook_newScript\\Script-Destined-Journey\\src\\services\\achievement.ts": {"path":"D:\\TavernData\\制卡\\世界书编写\\worldbook_newScript\\Script-Destined-Journey\\src\\services\\achievement.ts","statementMap":{"0":{"start":{"line":5,"column":20},"end":{"line":5,"column":73}},"1":{"start":{"line":6,"column":14},"end":{"line":6,"column":51}},"2":{"start":{"line":8,"column":23},"end":{"line":13,"column":4}},"3":{"start":{"line":15,"column":2},"end":{"line":15,"column":70}}},"fnMap":{"0":{"name":"achievement","decl":{"start":{"line":4,"column":16},"end":{"line":4,"column":27}},"loc":{"start":{"line":4,"column":27},"end":{"line":16,"column":1}}}},"branchMap":{"0":{"loc":{"start":{"line":6,"column":14},"end":{"line":6,"column":51}},"type":"binary-expr","locations":[{"start":{"line":6,"column":14},"end":{"line":6,"column":33}},{"start":{"line":6,"column":37},"end":{"line":6,"column":51}}]}},"s":{"0":0,"1":0,"2":0,"3":0},"f":{"0":0},"b":{"0":[0,0]}}
,"D:\\TavernData\\制卡\\世界书编写\\worldbook_newScript\\Script-Destined-Journey\\src\\services\\ascension.ts": {"path":"D:\\TavernData\\制卡\\世界书编写\\worldbook_newScript\\Script-Destined-Journey\\src\\services\\ascension.ts","statementMap":{"0":{"start":{"line":5,"column":0},"end":{"line":5,"column":39}},"1":{"start":{"line":7,"column":0},"end":{"line":7,"column":35}},"2":{"start":{"line":9,"column":13},"end":{"line":9,"column":62}},"3":{"start":{"line":11,"column":26},"end":{"line":17,"column":11}},"4":{"start":{"line":19,"column":24},"end":{"line":45,"column":11}},"5":{"start":{"line":47,"column":28},"end":{"line":50,"column":1}},"6":{"start":{"line":48,"column":21},"end":{"line":48,"column":60}},"7":{"start":{"line":49,"column":2},"end":{"line":49,"column":57}},"8":{"start":{"line":52,"column":18},"end":{"line":55,"column":1}},"9":{"start":{"line":53,"column":21},"end":{"line":53,"column":51}},"10":{"start":{"line":54,"column":2},"end":{"line":54,"column":77}},"11":{"start":{"line":57,"column":20},"end":{"line":59,"column":1}},"12":{"start":{"line":58,"column":2},"end":{"line":58,"column":85}},"13":{"start":{"line":61,"column":20},"end":{"line":65,"column":1}},"14":{"start":{"line":62,"column":2},"end":{"line":64,"column":3}},"15":{"start":{"line":63,"column":4},"end":{"line":63,"column":30}},"16":{"start":{"line":68,"column":34},"end":{"line":76,"column":1}},"17":{"start":{"line":69,"column":2},"end":{"line":75,"column":4}},"18":{"start":{"line":68,"column":13},"end":{"line":68,"column":34}},"19":{"start":{"line":79,"column":38},"end":{"line":100,"column":1}},"20":{"start":{"line":80,"column":2},"end":{"line":82,"column":3}},"21":{"start":{"line":81,"column":4},"end":{"line":81,"column":16}},"22":{"start":{"line":84,"column":20},"end":{"line":84,"column":65}},"23":{"start":{"line":85,"column":20},"end":{"line":85,"column":57}},"24":{"start":{"line":86,"column":65},"end":{"line":86,"column":94}},"25":{"start":{"line":88,"column":2},"end":{"line":99,"column":3}},"26":{"start":{"line":90,"column":6},"end":{"line":90,"column":30}},"27":{"start":{"line":92,"column":6},"end":{"line":92,"column":28}},"28":{"start":{"line":94,"column":6},"end":{"line":94,"column":26}},"29":{"start":{"line":96,"column":6},"end":{"line":96,"column":44}},"30":{"start":{"line":98,"column":6},"end":{"line":98,"column":18}},"31":{"start":{"line":79,"column":13},"end":{"line":79,"column":38}},"32":{"start":{"line":103,"column":34},"end":{"line":153,"column":1}},"33":{"start":{"line":104,"column":20},"end":{"line":104,"column":65}},"34":{"start":{"line":105,"column":17},"end":{"line":105,"column":70}},"35":{"start":{"line":106,"column":20},"end":{"line":106,"column":57}},"36":{"start":{"line":107,"column":83},"end":{"line":107,"column":112}},"37":{"start":{"line":108,"column":16},"end":{"line":108,"column":51}},"38":{"start":{"line":109,"column":18},"end":{"line":109,"column":38}},"39":{"start":{"line":110,"column":28},"end":{"line":110,"column":88}},"40":{"start":{"line":113,"column":2},"end":{"line":115,"column":3}},"41":{"start":{"line":114,"column":4},"end":{"line":114,"column":36}},"42":{"start":{"line":117,"column":26},"end":{"line":117,"column":95}},"43":{"start":{"line":118,"column":2},"end":{"line":118,"column":86}},"44":{"start":{"line":120,"column":2},"end":{"line":124,"column":3}},"45":{"start":{"line":121,"column":4},"end":{"line":121,"column":51}},"46":{"start":{"line":123,"column":4},"end":{"line":123,"column":51}},"47":{"start":{"line":126,"column":2},"end":{"line":130,"column":3}},"48":{"start":{"line":127,"column":4},"end":{"line":127,"column":49}},"49":{"start":{"line":129,"column":4},"end":{"line":129,"column":49}},"50":{"start":{"line":132,"column":2},"end":{"line":136,"column":3}},"51":{"start":{"line":133,"column":4},"end":{"line":133,"column":47}},"52":{"start":{"line":135,"column":4},"end":{"line":135,"column":47}},"53":{"start":{"line":138,"column":2},"end":{"line":142,"column":3}},"54":{"start":{"line":139,"column":4},"end":{"line":139,"column":55}},"55":{"start":{"line":141,"column":4},"end":{"line":141,"column":55}},"56":{"start":{"line":144,"column":2},"end":{"line":148,"column":3}},"57":{"start":{"line":145,"column":4},"end":{"line":145,"column":53}},"58":{"start":{"line":147,"column":4},"end":{"line":147,"column":53}},"59":{"start":{"line":150,"column":2},"end":{"line":152,"column":3}},"60":{"start":{"line":151,"column":4},"end":{"line":151,"column":98}},"61":{"start":{"line":103,"column":13},"end":{"line":103,"column":34}}},"fnMap":{"0":{"name":"(anonymous_0)","decl":{"start":{"line":47,"column":28},"end":{"line":47,"column":29}},"loc":{"start":{"line":47,"column":78},"end":{"line":50,"column":1}}},"1":{"name":"(anonymous_1)","decl":{"start":{"line":52,"column":18},"end":{"line":52,"column":19}},"loc":{"start":{"line":52,"column":62},"end":{"line":55,"column":1}}},"2":{"name":"(anonymous_2)","decl":{"start":{"line":57,"column":20},"end":{"line":57,"column":21}},"loc":{"start":{"line":57,"column":66},"end":{"line":59,"column":1}}},"3":{"name":"(anonymous_3)","decl":{"start":{"line":61,"column":20},"end":{"line":61,"column":21}},"loc":{"start":{"line":61,"column":66},"end":{"line":65,"column":1}}},"4":{"name":"(anonymous_4)","decl":{"start":{"line":68,"column":34},"end":{"line":68,"column":35}},"loc":{"start":{"line":68,"column":69},"end":{"line":76,"column":1}}},"5":{"name":"(anonymous_5)","decl":{"start":{"line":79,"column":38},"end":{"line":79,"column":39}},"loc":{"start":{"line":79,"column":102},"end":{"line":100,"column":1}}},"6":{"name":"(anonymous_6)","decl":{"start":{"line":103,"column":34},"end":{"line":103,"column":35}},"loc":{"start":{"line":103,"column":72},"end":{"line":153,"column":1}}}},"branchMap":{"0":{"loc":{"start":{"line":49,"column":9},"end":{"line":49,"column":56}},"type":"cond-expr","locations":[{"start":{"line":49,"column":39},"end":{"line":49,"column":49}},{"start":{"line":49,"column":52},"end":{"line":49,"column":56}}]},"1":{"loc":{"start":{"line":54,"column":9},"end":{"line":54,"column":76}},"type":"binary-expr","locations":[{"start":{"line":54,"column":9},"end":{"line":54,"column":28}},{"start":{"line":54,"column":32},"end":{"line":54,"column":76}}]},"2":{"loc":{"start":{"line":62,"column":2},"end":{"line":64,"column":3}},"type":"if","locations":[{"start":{"line":62,"column":2},"end":{"line":64,"column":3}},{"start":{},"end":{}}]},"3":{"loc":{"start":{"line":80,"column":2},"end":{"line":82,"column":3}},"type":"if","locations":[{"start":{"line":80,"column":2},"end":{"line":82,"column":3}},{"start":{},"end":{}}]},"4":{"loc":{"start":{"line":88,"column":2},"end":{"line":99,"column":3}},"type":"switch","locations":[{"start":{"line":89,"column":4},"end":{"line":90,"column":30}},{"start":{"line":91,"column":4},"end":{"line":92,"column":28}},{"start":{"line":93,"column":4},"end":{"line":94,"column":26}},{"start":{"line":95,"column":4},"end":{"line":96,"column":44}},{"start":{"line":97,"column":4},"end":{"line":98,"column":18}}]},"5":{"loc":{"start":{"line":96,"column":13},"end":{"line":96,"column":43}},"type":"binary-expr","locations":[{"start":{"line":96,"column":13},"end":{"line":96,"column":25}},{"start":{"line":96,"column":29},"end":{"line":96,"column":43}}]},"6":{"loc":{"start":{"line":113,"column":2},"end":{"line":115,"column":3}},"type":"if","locations":[{"start":{"line":113,"column":2},"end":{"line":115,"column":3}},{"start":{},"end":{}}]},"7":{"loc":{"start":{"line":113,"column":6},"end":{"line":113,"column":56}},"type":"binary-expr","locations":[{"start":{"line":113,"column":6},"end":{"line":113,"column":18}},{"start":{"line":113,"column":22},"end":{"line":113,"column":34}},{"start":{"line":113,"column":38},"end":{"line":113,"column":56}}]},"8":{"loc":{"start":{"line":117,"column":26},"end":{"line":117,"column":95}},"type":"binary-expr","locations":[{"start":{"line":117,"column":26},"end":{"line":117,"column":66}},{"start":{"line":117,"column":71},"end":{"line":117,"column":83}},{"start":{"line":117,"column":87},"end":{"line":117,"column":94}}]},"9":{"loc":{"start":{"line":118,"column":32},"end":{"line":118,"column":84}},"type":"binary-expr","locations":[{"start":{"line":118,"column":32},"end":{"line":118,"column":65}},{"start":{"line":118,"column":69},"end":{"line":118,"column":84}}]},"10":{"loc":{"start":{"line":120,"column":2},"end":{"line":124,"column":3}},"type":"if","locations":[{"start":{"line":120,"column":2},"end":{"line":124,"column":3}},{"start":{"line":122,"column":9},"end":{"line":124,"column":3}}]},"11":{"loc":{"start":{"line":120,"column":6},"end":{"line":120,"column":51}},"type":"binary-expr","locations":[{"start":{"line":120,"column":6},"end":{"line":120,"column":18}},{"start":{"line":120,"column":22},"end":{"line":120,"column":29}},{"start":{"line":120,"column":33},"end":{"line":120,"column":51}}]},"12":{"loc":{"start":{"line":126,"column":2},"end":{"line":130,"column":3}},"type":"if","locations":[{"start":{"line":126,"column":2},"end":{"line":130,"column":3}},{"start":{"line":128,"column":9},"end":{"line":130,"column":3}}]},"13":{"loc":{"start":{"line":126,"column":6},"end":{"line":126,"column":71}},"type":"binary-expr","locations":[{"start":{"line":126,"column":6},"end":{"line":126,"column":18}},{"start":{"line":126,"column":22},"end":{"line":126,"column":29}},{"start":{"line":126,"column":33},"end":{"line":126,"column":51}},{"start":{"line":126,"column":55},"end":{"line":126,"column":71}}]},"14":{"loc":{"start":{"line":132,"column":2},"end":{"line":136,"column":3}},"type":"if","locations":[{"start":{"line":132,"column":2},"end":{"line":136,"column":3}},{"start":{"line":134,"column":9},"end":{"line":136,"column":3}}]},"15":{"loc":{"start":{"line":132,"column":6},"end":{"line":132,"column":66}},"type":"binary-expr","locations":[{"start":{"line":132,"column":6},"end":{"line":132,"column":18}},{"start":{"line":132,"column":22},"end":{"line":132,"column":29}},{"start":{"line":132,"column":33},"end":{"line":132,"column":48}},{"start":{"line":132,"column":52},"end":{"line":132,"column":66}}]},"16":{"loc":{"start":{"line":138,"column":2},"end":{"line":142,"column":3}},"type":"if","locations":[{"start":{"line":138,"column":2},"end":{"line":142,"column":3}},{"start":{"line":140,"column":9},"end":{"line":142,"column":3}}]},"17":{"loc":{"start":{"line":138,"column":6},"end":{"line":138,"column":65}},"type":"binary-expr","locations":[{"start":{"line":138,"column":6},"end":{"line":138,"column":18}},{"start":{"line":138,"column":22},"end":{"line":138,"column":29}},{"start":{"line":138,"column":33},"end":{"line":138,"column":46}},{"start":{"line":138,"column":50},"end":{"line":138,"column":65}}]},"18":{"loc":{"start":{"line":144,"column":2},"end":{"line":148,"column":3}},"type":"if","locations":[{"start":{"line":144,"column":2},"end":{"line":148,"column":3}},{"start":{"line":146,"column":9},"end":{"line":148,"column":3}}]},"19":{"loc":{"start":{"line":144,"column":6},"end":{"line":144,"column":56}},"type":"binary-expr","locations":[{"start":{"line":144,"column":6},"end":{"line":144,"column":18}},{"start":{"line":144,"column":22},"end":{"line":144,"column":35}},{"start":{"line":144,"column":39},"end":{"line":144,"column":56}}]},"20":{"loc":{"start":{"line":150,"column":2},"end":{"line":152,"column":3}},"type":"if","locations":[{"start":{"line":150,"column":2},"end":{"line":152,"column":3}},{"start":{},"end":{}}]},"21":{"loc":{"start":{"line":150,"column":6},"end":{"line":150,"column":39}},"type":"binary-expr","locations":[{"start":{"line":150,"column":6},"end":{"line":150,"column":18}},{"start":{"line":150,"column":22},"end":{"line":150,"column":39}}]}},"s":{"0":2,"1":2,"2":2,"3":2,"4":2,"5":2,"6":5,"7":5,"8":2,"9":5,"10":5,"11":2,"12":4,"13":2,"14":21,"15":0,"16":2,"17":18,"18":2,"19":2,"20":13,"21":0,"22":13,"23":13,"24":13,"25":13,"26":4,"27":3,"28":3,"29":3,"30":0,"31":2,"32":2,"33":5,"34":5,"35":5,"36":5,"37":5,"38":5,"39":5,"40":5,"41":1,"42":5,"43":5,"44":5,"45":1,"46":4,"47":5,"48":1,"49":4,"50":5,"51":1,"52":4,"53":5,"54":0,"55":5,"56":5,"57":1,"58":4,"59":5,"60":0,"61":2},"f":{"0":5,"1":5,"2":4,"3":21,"4":18,"5":13,"6":5},"b":{"0":[5,0],"1":[5,5],"2":[0,21],"3":[0,13],"4":[4,3,3,3,0],"5":[3,3],"6":[1,4],"7":[5,2,1],"8":[5,1,1],"9":[5,5],"10":[1,4],"11":[5,1,1],"12":[1,4],"13":[5,1,1,1],"14":[1,4],"15":[5,2,1,1],"16":[0,5],"17":[5,0,0,0],"18":[1,4],"19":[5,1,1],"20":[0,5],"21":[5,2]}}
,"D:\\TavernData\\制卡\\世界书编写\\worldbook_newScript\\Script-Destined-Journey\\src\\services\\event.ts": {"path":"D:\\TavernData\\制卡\\世界书编写\\worldbook_newScript\\Script-Destined-Journey\\src\\services\\event.ts","statementMap":{"0":{"start":{"line":16,"column":28},"end":{"line":64,"column":1}},"1":{"start":{"line":18,"column":2},"end":{"line":18,"column":29}},"2":{"start":{"line":21,"column":25},"end":{"line":21,"column":77}},"3":{"start":{"line":22,"column":23},"end":{"line":22,"column":75}},"4":{"start":{"line":23,"column":21},"end":{"line":23,"column":70}},"5":{"start":{"line":24,"column":20},"end":{"line":24,"column":69}},"6":{"start":{"line":25,"column":36},"end":{"line":25,"column":88}},"7":{"start":{"line":28,"column":2},"end":{"line":31,"column":4}},"8":{"start":{"line":34,"column":2},"end":{"line":40,"column":3}},"9":{"start":{"line":36,"column":4},"end":{"line":39,"column":6}},"10":{"start":{"line":43,"column":2},"end":{"line":63,"column":3}},"11":{"start":{"line":45,"column":4},"end":{"line":45,"column":36}},"12":{"start":{"line":48,"column":35},"end":{"line":48,"column":77}},"13":{"start":{"line":51,"column":23},"end":{"line":51,"column":71}},"14":{"start":{"line":52,"column":4},"end":{"line":59,"column":5}},"15":{"start":{"line":54,"column":6},"end":{"line":54,"column":57}},"16":{"start":{"line":55,"column":6},"end":{"line":55,"column":34}},"17":{"start":{"line":56,"column":6},"end":{"line":56,"column":34}},"18":{"start":{"line":57,"column":6},"end":{"line":57,"column":37}},"19":{"start":{"line":58,"column":6},"end":{"line":58,"column":37}},"20":{"start":{"line":62,"column":4},"end":{"line":62,"column":60}}},"fnMap":{"0":{"name":"(anonymous_0)","decl":{"start":{"line":16,"column":28},"end":{"line":16,"column":29}},"loc":{"start":{"line":16,"column":74},"end":{"line":64,"column":1}}}},"branchMap":{"0":{"loc":{"start":{"line":34,"column":2},"end":{"line":40,"column":3}},"type":"if","locations":[{"start":{"line":34,"column":2},"end":{"line":40,"column":3}},{"start":{},"end":{}}]},"1":{"loc":{"start":{"line":43,"column":2},"end":{"line":63,"column":3}},"type":"if","locations":[{"start":{"line":43,"column":2},"end":{"line":63,"column":3}},{"start":{},"end":{}}]},"2":{"loc":{"start":{"line":52,"column":4},"end":{"line":59,"column":5}},"type":"if","locations":[{"start":{"line":52,"column":4},"end":{"line":59,"column":5}},{"start":{},"end":{}}]}},"s":{"0":0,"1":0,"2":0,"3":0,"4":0,"5":0,"6":0,"7":0,"8":0,"9":0,"10":0,"11":0,"12":0,"13":0,"14":0,"15":0,"16":0,"17":0,"18":0,"19":0,"20":0},"f":{"0":0},"b":{"0":[0,0],"1":[0,0],"2":[0,0]}}
,"D:\\TavernData\\制卡\\世界书编写\\worldbook_newScript\\Script-Destined-Journey\\src\\services\\experience.ts": {"path":"D:\\TavernData\\制卡\\世界书编写\\worldbook_newScript\\Script-Destined-Journey\\src\\services\\experience.ts","statementMap":{"0":{"start":{"line":5,"column":0},"end":{"line":5,"column":111}},"1":{"start":{"line":7,"column":0},"end":{"line":7,"column":58}},"2":{"start":{"line":8,"column":0},"end":{"line":8,"column":53}},"3":{"start":{"line":16,"column":41},"end":{"line":68,"column":1}},"4":{"start":{"line":17,"column":20},"end":{"line":17,"column":69}},"5":{"start":{"line":18,"column":23},"end":{"line":18,"column":78}},"6":{"start":{"line":19,"column":130},"end":{"line":19,"column":132}},"7":{"start":{"line":22,"column":2},"end":{"line":53,"column":3}},"8":{"start":{"line":23,"column":21},"end":{"line":23,"column":72}},"9":{"start":{"line":24,"column":4},"end":{"line":28,"column":5}},"10":{"start":{"line":26,"column":6},"end":{"line":26,"column":58}},"11":{"start":{"line":27,"column":6},"end":{"line":27,"column":12}},"12":{"start":{"line":30,"column":4},"end":{"line":30,"column":45}},"13":{"start":{"line":31,"column":4},"end":{"line":31,"column":68}},"14":{"start":{"line":34,"column":4},"end":{"line":42,"column":5}},"15":{"start":{"line":35,"column":6},"end":{"line":35,"column":64}},"16":{"start":{"line":36,"column":6},"end":{"line":41,"column":9}},"17":{"start":{"line":45,"column":22},"end":{"line":45,"column":56}},"18":{"start":{"line":46,"column":4},"end":{"line":52,"column":5}},"19":{"start":{"line":47,"column":6},"end":{"line":50,"column":9}},"20":{"start":{"line":48,"column":28},"end":{"line":48,"column":66}},"21":{"start":{"line":49,"column":8},"end":{"line":49,"column":78}},"22":{"start":{"line":51,"column":6},"end":{"line":51,"column":47}},"23":{"start":{"line":56,"column":2},"end":{"line":63,"column":3}},"24":{"start":{"line":57,"column":4},"end":{"line":62,"column":7}},"25":{"start":{"line":65,"column":2},"end":{"line":67,"column":3}},"26":{"start":{"line":66,"column":4},"end":{"line":66,"column":43}},"27":{"start":{"line":16,"column":13},"end":{"line":16,"column":41}}},"fnMap":{"0":{"name":"(anonymous_0)","decl":{"start":{"line":16,"column":41},"end":{"line":16,"column":42}},"loc":{"start":{"line":16,"column":116},"end":{"line":68,"column":1}}},"1":{"name":"(anonymous_1)","decl":{"start":{"line":47,"column":31},"end":{"line":47,"column":32}},"loc":{"start":{"line":47,"column":43},"end":{"line":50,"column":7}}}},"branchMap":{"0":{"loc":{"start":{"line":22,"column":9},"end":{"line":22,"column":81}},"type":"binary-expr","locations":[{"start":{"line":22,"column":9},"end":{"line":22,"column":52}},{"start":{"line":22,"column":56},"end":{"line":22,"column":81}}]},"1":{"loc":{"start":{"line":24,"column":4},"end":{"line":28,"column":5}},"type":"if","locations":[{"start":{"line":24,"column":4},"end":{"line":28,"column":5}},{"start":{},"end":{}}]},"2":{"loc":{"start":{"line":34,"column":4},"end":{"line":42,"column":5}},"type":"if","locations":[{"start":{"line":34,"column":4},"end":{"line":42,"column":5}},{"start":{},"end":{}}]},"3":{"loc":{"start":{"line":46,"column":4},"end":{"line":52,"column":5}},"type":"if","locations":[{"start":{"line":46,"column":4},"end":{"line":52,"column":5}},{"start":{},"end":{}}]},"4":{"loc":{"start":{"line":56,"column":2},"end":{"line":63,"column":3}},"type":"if","locations":[{"start":{"line":56,"column":2},"end":{"line":63,"column":3}},{"start":{},"end":{}}]},"5":{"loc":{"start":{"line":65,"column":2},"end":{"line":67,"column":3}},"type":"if","locations":[{"start":{"line":65,"column":2},"end":{"line":67,"column":3}},{"start":{},"end":{}}]}},"s":{"0":1,"1":1,"2":1,"3":1,"4":5,"5":5,"6":5,"7":5,"8":5,"9":5,"10":4,"11":4,"12":1,"13":1,"14":1,"15":1,"16":1,"17":1,"18":1,"19":1,"20":5,"21":5,"22":1,"23":5,"24":1,"25":5,"26":1,"27":1},"f":{"0":5,"1":5},"b":{"0":[6,5],"1":[4,1],"2":[1,0],"3":[1,0],"4":[1,4],"5":[1,4]}}
,"D:\\TavernData\\制卡\\世界书编写\\worldbook_newScript\\Script-Destined-Journey\\src\\services\\log.ts": {"path":"D:\\TavernData\\制卡\\世界书编写\\worldbook_newScript\\Script-Destined-Journey\\src\\services\\log.ts","statementMap":{"0":{"start":{"line":11,"column":39},"end":{"line":17,"column":2}},"1":{"start":{"line":22,"column":19},"end":{"line":29,"column":1}},"2":{"start":{"line":23,"column":22},"end":{"line":23,"column":58}},"3":{"start":{"line":24,"column":2},"end":{"line":28,"column":3}},"4":{"start":{"line":25,"column":4},"end":{"line":25,"column":23}},"5":{"start":{"line":27,"column":4},"end":{"line":27,"column":33}},"6":{"start":{"line":35,"column":19},"end":{"line":42,"column":1}},"7":{"start":{"line":36,"column":20},"end":{"line":36,"column":59}},"8":{"start":{"line":37,"column":16},"end":{"line":37,"column":51}},"9":{"start":{"line":39,"column":2},"end":{"line":41,"column":3}},"10":{"start":{"line":40,"column":4},"end":{"line":40,"column":21}},"11":{"start":{"line":48,"column":26},"end":{"line":57,"column":1}},"12":{"start":{"line":49,"column":13},"end":{"line":49,"column":51}},"13":{"start":{"line":51,"column":2},"end":{"line":56,"column":3}},"14":{"start":{"line":52,"column":17},"end":{"line":52,"column":29}},"15":{"start":{"line":53,"column":4},"end":{"line":55,"column":5}},"16":{"start":{"line":54,"column":6},"end":{"line":54,"column":33}},"17":{"start":{"line":63,"column":24},"end":{"line":70,"column":1}},"18":{"start":{"line":64,"column":23},"end":{"line":64,"column":61}},"19":{"start":{"line":65,"column":19},"end":{"line":65,"column":53}},"20":{"start":{"line":67,"column":2},"end":{"line":69,"column":3}},"21":{"start":{"line":68,"column":4},"end":{"line":68,"column":26}},"22":{"start":{"line":76,"column":22},"end":{"line":84,"column":1}},"23":{"start":{"line":77,"column":20},"end":{"line":77,"column":62}},"24":{"start":{"line":78,"column":16},"end":{"line":78,"column":54}},"25":{"start":{"line":80,"column":2},"end":{"line":83,"column":3}},"26":{"start":{"line":81,"column":19},"end":{"line":81,"column":36}},"27":{"start":{"line":82,"column":4},"end":{"line":82,"column":32}},"28":{"start":{"line":90,"column":36},"end":{"line":105,"column":1}},"29":{"start":{"line":92,"column":20},"end":{"line":92,"column":73}},"30":{"start":{"line":93,"column":14},"end":{"line":93,"column":35}},"31":{"start":{"line":96,"column":20},"end":{"line":96,"column":38}},"32":{"start":{"line":99,"column":2},"end":{"line":101,"column":3}},"33":{"start":{"line":100,"column":4},"end":{"line":100,"column":41}},"34":{"start":{"line":104,"column":2},"end":{"line":104,"column":110}},"35":{"start":{"line":111,"column":25},"end":{"line":136,"column":1}},"36":{"start":{"line":116,"column":14},"end":{"line":116,"column":39}},"37":{"start":{"line":119,"column":2},"end":{"line":119,"column":48}},"38":{"start":{"line":120,"column":2},"end":{"line":120,"column":40}},"39":{"start":{"line":121,"column":2},"end":{"line":121,"column":53}},"40":{"start":{"line":122,"column":2},"end":{"line":122,"column":51}},"41":{"start":{"line":126,"column":2},"end":{"line":135,"column":26}}},"fnMap":{"0":{"name":"(anonymous_0)","decl":{"start":{"line":22,"column":19},"end":{"line":22,"column":20}},"loc":{"start":{"line":22,"column":60},"end":{"line":29,"column":1}}},"1":{"name":"(anonymous_1)","decl":{"start":{"line":35,"column":19},"end":{"line":35,"column":20}},"loc":{"start":{"line":35,"column":92},"end":{"line":42,"column":1}}},"2":{"name":"(anonymous_2)","decl":{"start":{"line":48,"column":26},"end":{"line":48,"column":27}},"loc":{"start":{"line":48,"column":76},"end":{"line":57,"column":1}}},"3":{"name":"(anonymous_3)","decl":{"start":{"line":63,"column":24},"end":{"line":63,"column":25}},"loc":{"start":{"line":63,"column":97},"end":{"line":70,"column":1}}},"4":{"name":"(anonymous_4)","decl":{"start":{"line":76,"column":22},"end":{"line":76,"column":23}},"loc":{"start":{"line":76,"column":95},"end":{"line":84,"column":1}}},"5":{"name":"(anonymous_5)","decl":{"start":{"line":90,"column":36},"end":{"line":90,"column":45}},"loc":{"start":{"line":90,"column":47},"end":{"line":105,"column":1}}},"6":{"name":"(anonymous_6)","decl":{"start":{"line":111,"column":25},"end":{"line":111,"column":null}},"loc":{"start":{"line":114,"column":10},"end":{"line":136,"column":1}}}},"branchMap":{"0":{"loc":{"start":{"line":24,"column":2},"end":{"line":28,"column":3}},"type":"if","locations":[{"start":{"line":24,"column":2},"end":{"line":28,"column":3}},{"start":{"line":26,"column":9},"end":{"line":28,"column":3}}]},"1":{"loc":{"start":{"line":39,"column":2},"end":{"line":41,"column":3}},"type":"if","locations":[{"start":{"line":39,"column":2},"end":{"line":41,"column":3}},{"start":{},"end":{}}]},"2":{"loc":{"start":{"line":39,"column":6},"end":{"line":39,"column":33}},"type":"binary-expr","locations":[{"start":{"line":39,"column":6},"end":{"line":39,"column":15}},{"start":{"line":39,"column":19},"end":{"line":39,"column":33}}]},"3":{"loc":{"start":{"line":51,"column":2},"end":{"line":56,"column":3}},"type":"if","locations":[{"start":{"line":51,"column":2},"end":{"line":56,"column":3}},{"start":{},"end":{}}]},"4":{"loc":{"start":{"line":53,"column":4},"end":{"line":55,"column":5}},"type":"if","locations":[{"start":{"line":53,"column":4},"end":{"line":55,"column":5}},{"start":{},"end":{}}]},"5":{"loc":{"start":{"line":67,"column":2},"end":{"line":69,"column":3}},"type":"if","locations":[{"start":{"line":67,"column":2},"end":{"line":69,"column":3}},{"start":{},"end":{}}]},"6":{"loc":{"start":{"line":67,"column":6},"end":{"line":67,"column":39}},"type":"binary-expr","locations":[{"start":{"line":67,"column":6},"end":{"line":67,"column":18}},{"start":{"line":67,"column":22},"end":{"line":67,"column":39}}]},"7":{"loc":{"start":{"line":80,"column":2},"end":{"line":83,"column":3}},"type":"if","locations":[{"start":{"line":80,"column":2},"end":{"line":83,"column":3}},{"start":{},"end":{}}]},"8":{"loc":{"start":{"line":99,"column":2},"end":{"line":101,"column":3}},"type":"if","locations":[{"start":{"line":99,"column":2},"end":{"line":101,"column":3}},{"start":{},"end":{}}]}},"s":{"0":0,"1":0,"2":0,"3":0,"4":0,"5":0,"6":0,"7":0,"8":0,"9":0,"10":0,"11":0,"12":0,"13":0,"14":0,"15":0,"16":0,"17":0,"18":0,"19":0,"20":0,"21":0,"22":0,"23":0,"24":0,"25":0,"26":0,"27":0,"28":0,"29":0,"30":0,"31":0,"32":0,"33":0,"34":0,"35":0,"36":0,"37":0,"38":0,"39":0,"40":0,"41":0},"f":{"0":0,"1":0,"2":0,"3":0,"4":0,"5":0,"6":0},"b":{"0":[0,0],"1":[0,0],"2":[0,0],"3":[0,0],"4":[0,0],"5":[0,0],"6":[0,0],"7":[0,0],"8":[0,0]}}
,"D:\\TavernData\\制卡\\世界书编写\\worldbook_newScript\\Script-Destined-Journey\\src\\services\\maintain.ts": {"path":"D:\\TavernData\\制卡\\世界书编写\\worldbook_newScript\\Script-Destined-Journey\\src\\services\\maintain.ts","statementMap":{"0":{"start":{"line":19,"column":37},"end":{"line":47,"column":1}},"1":{"start":{"line":20,"column":20},"end":{"line":20,"column":69}},"2":{"start":{"line":21,"column":19},"end":{"line":21,"column":63}},"3":{"start":{"line":22,"column":23},"end":{"line":22,"column":46}},"4":{"start":{"line":25,"column":2},"end":{"line":25,"column":36}},"5":{"start":{"line":28,"column":2},"end":{"line":32,"column":3}},"6":{"start":{"line":29,"column":4},"end":{"line":29,"column":37}},"7":{"start":{"line":30,"column":4},"end":{"line":30,"column":27}},"8":{"start":{"line":31,"column":4},"end":{"line":31,"column":38}},"9":{"start":{"line":35,"column":2},"end":{"line":35,"column":66}},"10":{"start":{"line":38,"column":2},"end":{"line":43,"column":3}},"11":{"start":{"line":39,"column":19},"end":{"line":39,"column":58}},"12":{"start":{"line":40,"column":4},"end":{"line":42,"column":5}},"13":{"start":{"line":41,"column":6},"end":{"line":41,"column":40}},"14":{"start":{"line":46,"column":2},"end":{"line":46,"column":58}}},"fnMap":{"0":{"name":"(anonymous_0)","decl":{"start":{"line":19,"column":37},"end":{"line":19,"column":38}},"loc":{"start":{"line":19,"column":112},"end":{"line":47,"column":1}}}},"branchMap":{"0":{"loc":{"start":{"line":28,"column":2},"end":{"line":32,"column":3}},"type":"if","locations":[{"start":{"line":28,"column":2},"end":{"line":32,"column":3}},{"start":{},"end":{}}]},"1":{"loc":{"start":{"line":28,"column":6},"end":{"line":28,"column":46}},"type":"binary-expr","locations":[{"start":{"line":28,"column":6},"end":{"line":28,"column":19}},{"start":{"line":28,"column":23},"end":{"line":28,"column":46}}]},"2":{"loc":{"start":{"line":38,"column":2},"end":{"line":43,"column":3}},"type":"if","locations":[{"start":{"line":38,"column":2},"end":{"line":43,"column":3}},{"start":{},"end":{}}]},"3":{"loc":{"start":{"line":40,"column":4},"end":{"line":42,"column":5}},"type":"if","locations":[{"start":{"line":40,"column":4},"end":{"line":42,"column":5}},{"start":{},"end":{}}]}},"s":{"0":0,"1":0,"2":0,"3":0,"4":0,"5":0,"6":0,"7":0,"8":0,"9":0,"10":0,"11":0,"12":0,"13":0,"14":0},"f":{"0":0},"b":{"0":[0,0],"1":[0,0],"2":[0,0],"3":[0,0]}}
,"D:\\TavernData\\制卡\\世界书编写\\worldbook_newScript\\Script-Destined-Journey\\src\\services\\npc-experience.ts": {"path":"D:\\TavernData\\制卡\\世界书编写\\worldbook_newScript\\Script-Destined-Journey\\src\\services\\npc-experience.ts","statementMap":{"0":{"start":{"line":20,"column":44},"end":{"line":124,"column":1}},"1":{"start":{"line":21,"column":19},"end":{"line":21,"column":91}},"2":{"start":{"line":22,"column":27},"end":{"line":22,"column":86}},"3":{"start":{"line":25,"column":47},"end":{"line":25,"column":86}},"4":{"start":{"line":28,"column":21},"end":{"line":28,"column":68}},"5":{"start":{"line":29,"column":17},"end":{"line":29,"column":73}},"6":{"start":{"line":30,"column":19},"end":{"line":30,"column":38}},"7":{"start":{"line":33,"column":23},"end":{"line":33,"column":46}},"8":{"start":{"line":36,"column":2},"end":{"line":44,"column":5}},"9":{"start":{"line":37,"column":4},"end":{"line":43,"column":5}},"10":{"start":{"line":38,"column":6},"end":{"line":42,"column":9}},"11":{"start":{"line":47,"column":2},"end":{"line":51,"column":5}},"12":{"start":{"line":48,"column":4},"end":{"line":50,"column":5}},"13":{"start":{"line":49,"column":6},"end":{"line":49,"column":30}},"14":{"start":{"line":54,"column":35},"end":{"line":54,"column":37}},"15":{"start":{"line":57,"column":2},"end":{"line":108,"column":5}},"16":{"start":{"line":58,"column":16},"end":{"line":58,"column":30}},"17":{"start":{"line":59,"column":4},"end":{"line":59,"column":21}},"18":{"start":{"line":59,"column":14},"end":{"line":59,"column":21}},"19":{"start":{"line":61,"column":24},"end":{"line":64,"column":null}},"20":{"start":{"line":66,"column":29},"end":{"line":66,"column":86}},"21":{"start":{"line":69,"column":4},"end":{"line":69,"column":36}},"22":{"start":{"line":70,"column":4},"end":{"line":70,"column":73}},"23":{"start":{"line":72,"column":25},"end":{"line":72,"column":80}},"24":{"start":{"line":75,"column":4},"end":{"line":84,"column":5}},"25":{"start":{"line":76,"column":6},"end":{"line":78,"column":7}},"26":{"start":{"line":77,"column":8},"end":{"line":77,"column":44}},"27":{"start":{"line":79,"column":11},"end":{"line":84,"column":5}},"28":{"start":{"line":81,"column":6},"end":{"line":83,"column":7}},"29":{"start":{"line":82,"column":8},"end":{"line":82,"column":44}},"30":{"start":{"line":86,"column":29},"end":{"line":86,"column":63}},"31":{"start":{"line":89,"column":23},"end":{"line":89,"column":104}},"32":{"start":{"line":90,"column":4},"end":{"line":92,"column":5}},"33":{"start":{"line":91,"column":6},"end":{"line":91,"column":52}},"34":{"start":{"line":95,"column":25},"end":{"line":95,"column":31}},"35":{"start":{"line":96,"column":4},"end":{"line":99,"column":5}},"36":{"start":{"line":97,"column":6},"end":{"line":97,"column":49}},"37":{"start":{"line":98,"column":6},"end":{"line":98,"column":75}},"38":{"start":{"line":102,"column":4},"end":{"line":107,"column":5}},"39":{"start":{"line":103,"column":6},"end":{"line":103,"column":76}},"40":{"start":{"line":104,"column":6},"end":{"line":104,"column":38}},"41":{"start":{"line":106,"column":6},"end":{"line":106,"column":57}},"42":{"start":{"line":111,"column":2},"end":{"line":111,"column":77}},"43":{"start":{"line":114,"column":2},"end":{"line":123,"column":3}},"44":{"start":{"line":115,"column":4},"end":{"line":122,"column":7}}},"fnMap":{"0":{"name":"(anonymous_0)","decl":{"start":{"line":20,"column":44},"end":{"line":20,"column":45}},"loc":{"start":{"line":20,"column":119},"end":{"line":124,"column":1}}},"1":{"name":"(anonymous_1)","decl":{"start":{"line":36,"column":22},"end":{"line":36,"column":23}},"loc":{"start":{"line":36,"column":36},"end":{"line":44,"column":3}}},"2":{"name":"(anonymous_2)","decl":{"start":{"line":47,"column":30},"end":{"line":47,"column":31}},"loc":{"start":{"line":47,"column":39},"end":{"line":51,"column":3}}},"3":{"name":"(anonymous_3)","decl":{"start":{"line":57,"column":22},"end":{"line":57,"column":23}},"loc":{"start":{"line":57,"column":60},"end":{"line":108,"column":3}}}},"branchMap":{"0":{"loc":{"start":{"line":37,"column":4},"end":{"line":43,"column":5}},"type":"if","locations":[{"start":{"line":37,"column":4},"end":{"line":43,"column":5}},{"start":{},"end":{}}]},"1":{"loc":{"start":{"line":48,"column":4},"end":{"line":50,"column":5}},"type":"if","locations":[{"start":{"line":48,"column":4},"end":{"line":50,"column":5}},{"start":{},"end":{}}]},"2":{"loc":{"start":{"line":59,"column":4},"end":{"line":59,"column":21}},"type":"if","locations":[{"start":{"line":59,"column":4},"end":{"line":59,"column":21}},{"start":{},"end":{}}]},"3":{"loc":{"start":{"line":66,"column":29},"end":{"line":66,"column":86}},"type":"binary-expr","locations":[{"start":{"line":66,"column":29},"end":{"line":66,"column":60}},{"start":{"line":66,"column":64},"end":{"line":66,"column":86}}]},"4":{"loc":{"start":{"line":72,"column":25},"end":{"line":72,"column":80}},"type":"cond-expr","locations":[{"start":{"line":72,"column":45},"end":{"line":72,"column":76}},{"start":{"line":72,"column":79},"end":{"line":72,"column":80}}]},"5":{"loc":{"start":{"line":75,"column":4},"end":{"line":84,"column":5}},"type":"if","locations":[{"start":{"line":75,"column":4},"end":{"line":84,"column":5}},{"start":{"line":79,"column":11},"end":{"line":84,"column":5}}]},"6":{"loc":{"start":{"line":76,"column":6},"end":{"line":78,"column":7}},"type":"if","locations":[{"start":{"line":76,"column":6},"end":{"line":78,"column":7}},{"start":{},"end":{}}]},"7":{"loc":{"start":{"line":79,"column":11},"end":{"line":84,"column":5}},"type":"if","locations":[{"start":{"line":79,"column":11},"end":{"line":84,"column":5}},{"start":{},"end":{}}]},"8":{"loc":{"start":{"line":81,"column":6},"end":{"line":83,"column":7}},"type":"if","locations":[{"start":{"line":81,"column":6},"end":{"line":83,"column":7}},{"start":{},"end":{}}]},"9":{"loc":{"start":{"line":81,"column":10},"end":{"line":81,"column":72}},"type":"binary-expr","locations":[{"start":{"line":81,"column":10},"end":{"line":81,"column":42}},{"start":{"line":81,"column":46},"end":{"line":81,"column":72}}]},"10":{"loc":{"start":{"line":86,"column":29},"end":{"line":86,"column":63}},"type":"binary-expr","locations":[{"start":{"line":86,"column":29},"end":{"line":86,"column":42}},{"start":{"line":86,"column":46},"end":{"line":86,"column":63}}]},"11":{"loc":{"start":{"line":89,"column":23},"end":{"line":89,"column":104}},"type":"binary-expr","locations":[{"start":{"line":89,"column":23},"end":{"line":89,"column":39}},{"start":{"line":89,"column":43},"end":{"line":89,"column":51}},{"start":{"line":89,"column":55},"end":{"line":89,"column":67}},{"start":{"line":89,"column":72},"end":{"line":89,"column":89}},{"start":{"line":89,"column":93},"end":{"line":89,"column":103}}]},"12":{"loc":{"start":{"line":90,"column":4},"end":{"line":92,"column":5}},"type":"if","locations":[{"start":{"line":90,"column":4},"end":{"line":92,"column":5}},{"start":{},"end":{}}]},"13":{"loc":{"start":{"line":96,"column":11},"end":{"line":96,"column":96}},"type":"binary-expr","locations":[{"start":{"line":96,"column":11},"end":{"line":96,"column":27}},{"start":{"line":96,"column":31},"end":{"line":96,"column":66}},{"start":{"line":96,"column":70},"end":{"line":96,"column":96}}]},"14":{"loc":{"start":{"line":102,"column":4},"end":{"line":107,"column":5}},"type":"if","locations":[{"start":{"line":102,"column":4},"end":{"line":107,"column":5}},{"start":{},"end":{}}]},"15":{"loc":{"start":{"line":114,"column":2},"end":{"line":123,"column":3}},"type":"if","locations":[{"start":{"line":114,"column":2},"end":{"line":123,"column":3}},{"start":{},"end":{}}]}},"s":{"0":0,"1":0,"2":0,"3":0,"4":0,"5":0,"6":0,"7":0,"8":0,"9":0,"10":0,"11":0,"12":0,"13":0,"14":0,"15":0,"16":0,"17":0,"18":0,"19":0,"20":0,"21":0,"22":0,"23":0,"24":0,"25":0,"26":0,"27":0,"28":0,"29":0,"30":0,"31":0,"32":0,"33":0,"34":0,"35":0,"36":0,"37":0,"38":0,"39":0,"40":0,"41":0,"42":0,"43":0,"44":0},"f":{"0":0,"1":0,"2":0,"3":0},"b":{"0":[0,0],"1":[0,0],"2":[0,0],"3":[0,0],"4":[0,0],"5":[0,0],"6":[0,0],"7":[0,0],"8":[0,0],"9":[0,0],"10":[0,0],"11":[0,0,0,0,0],"12":[0,0],"13":[0,0,0],"14":[0,0],"15":[0,0]}}
,"D:\\TavernData\\制卡\\世界书编写\\worldbook_newScript\\Script-Destined-Journey\\src\\types\\index.d.ts": {"path":"D:\\TavernData\\制卡\\世界书编写\\worldbook_newScript\\Script-Destined-Journey\\src\\types\\index.d.ts","statementMap":{},"fnMap":{},"branchMap":{},"s":{},"f":{},"b":{}}
,"D:\\TavernData\\制卡\\世界书编写\\worldbook_newScript\\Script-Destined-Journey\\src\\utils\\common.ts": {"path":"D:\\TavernData\\制卡\\世界书编写\\worldbook_newScript\\Script-Destined-Journey\\src\\utils\\common.ts","statementMap":{"0":{"start":{"line":4,"column":2},"end":{"line":4,"column":25}},"1":{"start":{"line":5,"column":2},"end":{"line":5,"column":33}},"2":{"start":{"line":6,"column":2},"end":{"line":6,"column":21}},"3":{"start":{"line":10,"column":2},"end":{"line":12,"column":3}},"4":{"start":{"line":11,"column":4},"end":{"line":11,"column":14}},"5":{"start":{"line":14,"column":24},"end":{"line":14,"column":36}},"6":{"start":{"line":15,"column":2},"end":{"line":21,"column":3}},"7":{"start":{"line":16,"column":4},"end":{"line":20,"column":5}},"8":{"start":{"line":17,"column":6},"end":{"line":17,"column":43}},"9":{"start":{"line":19,"column":6},"end":{"line":19,"column":26}},"10":{"start":{"line":22,"column":2},"end":{"line":22,"column":16}},"11":{"start":{"line":26,"column":2},"end":{"line":30,"column":5}},"12":{"start":{"line":27,"column":14},"end":{"line":27,"column":38}},"13":{"start":{"line":28,"column":14},"end":{"line":28,"column":45}},"14":{"start":{"line":29,"column":4},"end":{"line":29,"column":26}},"15":{"start":{"line":34,"column":2},"end":{"line":36,"column":3}},"16":{"start":{"line":35,"column":4},"end":{"line":35,"column":66}},"17":{"start":{"line":40,"column":2},"end":{"line":52,"column":16}},"18":{"start":{"line":41,"column":21},"end":{"line":41,"column":44}},"19":{"start":{"line":43,"column":20},"end":{"line":43,"column":42}},"20":{"start":{"line":44,"column":6},"end":{"line":46,"column":7}},"21":{"start":{"line":45,"column":8},"end":{"line":45,"column":55}},"22":{"start":{"line":47,"column":6},"end":{"line":49,"column":7}},"23":{"start":{"line":48,"column":8},"end":{"line":48,"column":61}},"24":{"start":{"line":50,"column":6},"end":{"line":50,"column":19}}},"fnMap":{"0":{"name":"assignInplace","decl":{"start":{"line":3,"column":16},"end":{"line":3,"column":29}},"loc":{"start":{"line":3,"column":65},"end":{"line":7,"column":1}}},"1":{"name":"chunkBy","decl":{"start":{"line":9,"column":16},"end":{"line":9,"column":23}},"loc":{"start":{"line":9,"column":77},"end":{"line":23,"column":1}}},"2":{"name":"uuidv4","decl":{"start":{"line":25,"column":16},"end":{"line":25,"column":22}},"loc":{"start":{"line":25,"column":22},"end":{"line":31,"column":1}}},"3":{"name":"(anonymous_3)","decl":{"start":{"line":26,"column":65},"end":{"line":26,"column":75}},"loc":{"start":{"line":26,"column":76},"end":{"line":30,"column":3}}},"4":{"name":"checkMinimumVersion","decl":{"start":{"line":33,"column":22},"end":{"line":33,"column":41}},"loc":{"start":{"line":33,"column":73},"end":{"line":37,"column":1}}},"5":{"name":"prettifyErrorWithInput","decl":{"start":{"line":39,"column":16},"end":{"line":39,"column":38}},"loc":{"start":{"line":39,"column":56},"end":{"line":53,"column":1}}},"6":{"name":"(anonymous_6)","decl":{"start":{"line":41,"column":12},"end":{"line":41,"column":17}},"loc":{"start":{"line":41,"column":21},"end":{"line":41,"column":44}}},"7":{"name":"(anonymous_7)","decl":{"start":{"line":42,"column":13},"end":{"line":42,"column":18}},"loc":{"start":{"line":42,"column":21},"end":{"line":51,"column":5}}}},"branchMap":{"0":{"loc":{"start":{"line":10,"column":2},"end":{"line":12,"column":3}},"type":"if","locations":[{"start":{"line":10,"column":2},"end":{"line":12,"column":3}},{"start":{},"end":{}}]},"1":{"loc":{"start":{"line":16,"column":4},"end":{"line":20,"column":5}},"type":"if","locations":[{"start":{"line":16,"column":4},"end":{"line":20,"column":5}},{"start":{"line":18,"column":11},"end":{"line":20,"column":5}}]},"2":{"loc":{"start":{"line":28,"column":14},"end":{"line":28,"column":45}},"type":"cond-expr","locations":[{"start":{"line":28,"column":26},"end":{"line":28,"column":27}},{"start":{"line":28,"column":30},"end":{"line":28,"column":45}}]},"3":{"loc":{"start":{"line":34,"column":2},"end":{"line":36,"column":3}},"type":"if","locations":[{"start":{"line":34,"column":2},"end":{"line":36,"column":3}},{"start":{},"end":{}}]},"4":{"loc":{"start":{"line":41,"column":21},"end":{"line":41,"column":44}},"type":"binary-expr","locations":[{"start":{"line":41,"column":21},"end":{"line":41,"column":39}},{"start":{"line":41,"column":43},"end":{"line":41,"column":44}}]},"5":{"loc":{"start":{"line":44,"column":6},"end":{"line":46,"column":7}},"type":"if","locations":[{"start":{"line":44,"column":6},"end":{"line":46,"column":7}},{"start":{},"end":{}}]},"6":{"loc":{"start":{"line":47,"column":6},"end":{"line":49,"column":7}},"type":"if","locations":[{"start":{"line":47,"column":6},"end":{"line":49,"column":7}},{"start":{},"end":{}}]}},"s":{"0":0,"1":0,"2":0,"3":0,"4":0,"5":0,"6":0,"7":0,"8":0,"9":0,"10":0,"11":0,"12":0,"13":0,"14":0,"15":0,"16":0,"17":0,"18":0,"19":0,"20":0,"21":0,"22":0,"23":0,"24":0},"f":{"0":0,"1":0,"2":0,"3":0,"4":0,"5":0,"6":0,"7":0},"b":{"0":[0,0],"1":[0,0],"2":[0,0],"3":[0,0],"4":[0,0],"5":[0,0],"6":[0,0]}}
,"D:\\TavernData\\制卡\\世界书编写\\worldbook_newScript\\Script-Destined-Journey\\src\\utils\\index.ts": {"path":"D:\\TavernData\\制卡\\世界书编写\\worldbook_newScript\\Script-Destined-Journey\\src\\utils\\index.ts","statementMap":{"0":{"start":{"line":5,"column":0},"end":{"line":5,"column":30}},"1":{"start":{"line":8,"column":26},"end":{"line":8,"column":105}},"2":{"start":{"line":14,"column":24},"end":{"line":16,"column":1}},"3":{"start":{"line":15,"column":2},"end":{"line":15,"column":42}},"4":{"start":{"line":14,"column":13},"end":{"line":14,"column":24}},"5":{"start":{"line":22,"column":25},"end":{"line":24,"column":1}},"6":{"start":{"line":23,"column":2},"end":{"line":23,"column":27}},"7":{"start":{"line":22,"column":13},"end":{"line":22,"column":25}},"8":{"start":{"line":30,"column":23},"end":{"line":32,"column":1}},"9":{"start":{"line":31,"column":2},"end":{"line":31,"column":53}},"10":{"start":{"line":30,"column":13},"end":{"line":30,"column":23}},"11":{"start":{"line":37,"column":37},"end":{"line":56,"column":1}},"12":{"start":{"line":46,"column":60},"end":{"line":46,"column":73}},"13":{"start":{"line":48,"column":2},"end":{"line":55,"column":4}},"14":{"start":{"line":37,"column":13},"end":{"line":37,"column":37}},"15":{"start":{"line":61,"column":37},"end":{"line":75,"column":1}},"16":{"start":{"line":70,"column":27},"end":{"line":71,"column":null}},"17":{"start":{"line":71,"column":4},"end":{"line":71,"column":65}},"18":{"start":{"line":74,"column":2},"end":{"line":74,"column":34}},"19":{"start":{"line":61,"column":13},"end":{"line":61,"column":37}},"20":{"start":{"line":81,"column":28},"end":{"line":97,"column":1}},"21":{"start":{"line":82,"column":2},"end":{"line":96,"column":10}},"22":{"start":{"line":83,"column":4},"end":{"line":95,"column":5}},"23":{"start":{"line":84,"column":21},"end":{"line":84,"column":39}},"24":{"start":{"line":85,"column":6},"end":{"line":90,"column":7}},"25":{"start":{"line":86,"column":8},"end":{"line":89,"column":11}},"26":{"start":{"line":87,"column":10},"end":{"line":87,"column":83}},"27":{"start":{"line":88,"column":10},"end":{"line":88,"column":22}},"28":{"start":{"line":91,"column":6},"end":{"line":91,"column":20}},"29":{"start":{"line":93,"column":6},"end":{"line":93,"column":79}},"30":{"start":{"line":94,"column":6},"end":{"line":94,"column":18}},"31":{"start":{"line":81,"column":13},"end":{"line":81,"column":28}}},"fnMap":{"0":{"name":"(anonymous_0)","decl":{"start":{"line":14,"column":24},"end":{"line":14,"column":33}},"loc":{"start":{"line":14,"column":35},"end":{"line":16,"column":1}}},"1":{"name":"(anonymous_1)","decl":{"start":{"line":22,"column":25},"end":{"line":22,"column":29}},"loc":{"start":{"line":22,"column":49},"end":{"line":24,"column":1}}},"2":{"name":"(anonymous_2)","decl":{"start":{"line":30,"column":23},"end":{"line":30,"column":27}},"loc":{"start":{"line":30,"column":85},"end":{"line":32,"column":1}}},"3":{"name":"(anonymous_3)","decl":{"start":{"line":37,"column":37},"end":{"line":37,"column":null}},"loc":{"start":{"line":45,"column":21},"end":{"line":56,"column":1}}},"4":{"name":"(anonymous_4)","decl":{"start":{"line":61,"column":37},"end":{"line":61,"column":null}},"loc":{"start":{"line":69,"column":10},"end":{"line":75,"column":1}}},"5":{"name":"(anonymous_5)","decl":{"start":{"line":70,"column":42},"end":{"line":70,"column":43}},"loc":{"start":{"line":71,"column":4},"end":{"line":71,"column":65}}},"6":{"name":"(anonymous_6)","decl":{"start":{"line":81,"column":28},"end":{"line":81,"column":64}},"loc":{"start":{"line":81,"column":83},"end":{"line":97,"column":1}}},"7":{"name":"(anonymous_7)","decl":{"start":{"line":82,"column":10},"end":{"line":82,"column":11}},"loc":{"start":{"line":82,"column":29},"end":{"line":96,"column":3}}},"8":{"name":"(anonymous_8)","decl":{"start":{"line":86,"column":28},"end":{"line":86,"column":29}},"loc":{"start":{"line":86,"column":45},"end":{"line":89,"column":9}}}},"branchMap":{"0":{"loc":{"start":{"line":46,"column":10},"end":{"line":46,"column":27}},"type":"default-arg","locations":[{"start":{"line":46,"column":21},"end":{"line":46,"column":27}}]},"1":{"loc":{"start":{"line":46,"column":29},"end":{"line":46,"column":38}},"type":"default-arg","locations":[{"start":{"line":46,"column":37},"end":{"line":46,"column":38}}]},"2":{"loc":{"start":{"line":46,"column":40},"end":{"line":46,"column":55}},"type":"default-arg","locations":[{"start":{"line":46,"column":47},"end":{"line":46,"column":55}}]},"3":{"loc":{"start":{"line":46,"column":60},"end":{"line":46,"column":73}},"type":"binary-expr","locations":[{"start":{"line":46,"column":60},"end":{"line":46,"column":67}},{"start":{"line":46,"column":71},"end":{"line":46,"column":73}}]},"4":{"loc":{"start":{"line":70,"column":58},"end":{"line":70,"column":75}},"type":"default-arg","locations":[{"start":{"line":70,"column":69},"end":{"line":70,"column":75}}]},"5":{"loc":{"start":{"line":70,"column":77},"end":{"line":70,"column":86}},"type":"default-arg","locations":[{"start":{"line":70,"column":85},"end":{"line":70,"column":86}}]},"6":{"loc":{"start":{"line":70,"column":88},"end":{"line":70,"column":103}},"type":"default-arg","locations":[{"start":{"line":70,"column":95},"end":{"line":70,"column":103}}]},"7":{"loc":{"start":{"line":85,"column":6},"end":{"line":90,"column":7}},"type":"if","locations":[{"start":{"line":85,"column":6},"end":{"line":90,"column":7}},{"start":{},"end":{}}]},"8":{"loc":{"start":{"line":87,"column":42},"end":{"line":87,"column":71}},"type":"binary-expr","locations":[{"start":{"line":87,"column":42},"end":{"line":87,"column":56}},{"start":{"line":87,"column":60},"end":{"line":87,"column":71}}]},"9":{"loc":{"start":{"line":93,"column":38},"end":{"line":93,"column":67}},"type":"binary-expr","locations":[{"start":{"line":93,"column":38},"end":{"line":93,"column":52}},{"start":{"line":93,"column":56},"end":{"line":93,"column":67}}]}},"s":{"0":2,"1":2,"2":2,"3":0,"4":2,"5":2,"6":0,"7":2,"8":2,"9":172,"10":2,"11":2,"12":2,"13":2,"14":2,"15":2,"16":1,"17":2,"18":1,"19":2,"20":2,"21":0,"22":0,"23":0,"24":0,"25":0,"26":0,"27":0,"28":0,"29":0,"30":0,"31":2},"f":{"0":0,"1":0,"2":172,"3":2,"4":1,"5":2,"6":0,"7":0,"8":0},"b":{"0":[0],"1":[0],"2":[0],"3":[2,0],"4":[0],"5":[2],"6":[0],"7":[0,0],"8":[0,0],"9":[0,0]}}
,"D:\\TavernData\\制卡\\世界书编写\\worldbook_newScript\\Script-Destined-Journey\\src\\utils\\script.ts": {"path":"D:\\TavernData\\制卡\\世界书编写\\worldbook_newScript\\Script-Destined-Journey\\src\\utils\\script.ts","statementMap":{"0":{"start":{"line":2,"column":17},"end":{"line":2,"column":33}},"1":{"start":{"line":3,"column":2},"end":{"line":5,"column":3}},"2":{"start":{"line":4,"column":4},"end":{"line":4,"column":17}},"3":{"start":{"line":6,"column":22},"end":{"line":6,"column":41}},"4":{"start":{"line":7,"column":2},"end":{"line":7,"column":33}},"5":{"start":{"line":8,"column":2},"end":{"line":8,"column":14}},"6":{"start":{"line":12,"column":2},"end":{"line":14,"column":3}},"7":{"start":{"line":13,"column":4},"end":{"line":13,"column":11}},"8":{"start":{"line":15,"column":15},"end":{"line":17,"column":48}},"9":{"start":{"line":18,"column":2},"end":{"line":18,"column":25}},"10":{"start":{"line":22,"column":2},"end":{"line":22,"column":57}},"11":{"start":{"line":26,"column":2},"end":{"line":26,"column":79}},"12":{"start":{"line":30,"column":2},"end":{"line":30,"column":50}},"13":{"start":{"line":34,"column":16},"end":{"line":34,"column":46}},"14":{"start":{"line":35,"column":2},"end":{"line":40,"column":5}},"15":{"start":{"line":36,"column":4},"end":{"line":39,"column":5}},"16":{"start":{"line":37,"column":6},"end":{"line":37,"column":28}},"17":{"start":{"line":38,"column":6},"end":{"line":38,"column":31}}},"fnMap":{"0":{"name":"loadReadme","decl":{"start":{"line":1,"column":22},"end":{"line":1,"column":32}},"loc":{"start":{"line":1,"column":44},"end":{"line":9,"column":1}}},"1":{"name":"teleportStyle","decl":{"start":{"line":11,"column":16},"end":{"line":11,"column":29}},"loc":{"start":{"line":11,"column":29},"end":{"line":19,"column":1}}},"2":{"name":"deteleportStyle","decl":{"start":{"line":21,"column":16},"end":{"line":21,"column":31}},"loc":{"start":{"line":21,"column":31},"end":{"line":23,"column":1}}},"3":{"name":"createScriptIdDiv","decl":{"start":{"line":25,"column":16},"end":{"line":25,"column":33}},"loc":{"start":{"line":25,"column":33},"end":{"line":27,"column":1}}},"4":{"name":"destroyScriptIdDiv","decl":{"start":{"line":29,"column":16},"end":{"line":29,"column":34}},"loc":{"start":{"line":29,"column":34},"end":{"line":31,"column":1}}},"5":{"name":"reloadOnChatChange","decl":{"start":{"line":33,"column":16},"end":{"line":33,"column":34}},"loc":{"start":{"line":33,"column":34},"end":{"line":41,"column":1}}},"6":{"name":"(anonymous_6)","decl":{"start":{"line":35,"column":45},"end":{"line":35,"column":56}},"loc":{"start":{"line":35,"column":59},"end":{"line":40,"column":3}}}},"branchMap":{"0":{"loc":{"start":{"line":3,"column":2},"end":{"line":5,"column":3}},"type":"if","locations":[{"start":{"line":3,"column":2},"end":{"line":5,"column":3}},{"start":{},"end":{}}]},"1":{"loc":{"start":{"line":12,"column":2},"end":{"line":14,"column":3}},"type":"if","locations":[{"start":{"line":12,"column":2},"end":{"line":14,"column":3}},{"start":{},"end":{}}]},"2":{"loc":{"start":{"line":36,"column":4},"end":{"line":39,"column":5}},"type":"if","locations":[{"start":{"line":36,"column":4},"end":{"line":39,"column":5}},{"start":{},"end":{}}]}},"s":{"0":0,"1":0,"2":0,"3":0,"4":0,"5":0,"6":0,"7":0,"8":0,"9":0,"10":0,"11":0,"12":0,"13":0,"14":0,"15":0,"16":0,"17":0},"f":{"0":0,"1":0,"2":0,"3":0,"4":0,"5":0,"6":0},"b":{"0":[0,0],"1":[0,0],"2":[0,0]}}
,"D:\\TavernData\\制卡\\世界书编写\\worldbook_newScript\\Script-Destined-Journey\\src\\zod_schema\\schema.ts": {"path":"D:\\TavernData\\制卡\\世界书编写\\worldbook_newScript\\Script-Destined-Journey\\src\\zod_schema\\schema.ts","statementMap":{"0":{"start":{"line":13,"column":15},"end":{"line":75,"column":4}},"1":{"start":{"line":29,"column":26},"end":{"line":29,"column":62}},"2":{"start":{"line":29,"column":50},"end":{"line":29,"column":61}},"3":{"start":{"line":35,"column":22},"end":{"line":41,"column":6}},"4":{"start":{"line":43,"column":4},"end":{"line":74,"column":7}},"5":{"start":{"line":80,"column":17},"end":{"line":128,"column":15}},"6":{"start":{"line":98,"column":8},"end":{"line":125,"column":10}},"7":{"start":{"line":133,"column":13},"end":{"line":160,"column":2}},"8":{"start":{"line":162,"column":22},"end":{"line":179,"column":2}}},"fnMap":{"0":{"name":"(anonymous_0)","decl":{"start":{"line":29,"column":17},"end":{"line":29,"column":22}},"loc":{"start":{"line":29,"column":26},"end":{"line":29,"column":62}}},"1":{"name":"(anonymous_1)","decl":{"start":{"line":29,"column":42},"end":{"line":29,"column":46}},"loc":{"start":{"line":29,"column":50},"end":{"line":29,"column":61}}},"2":{"name":"(anonymous_2)","decl":{"start":{"line":34,"column":13},"end":{"line":34,"column":17}},"loc":{"start":{"line":34,"column":20},"end":{"line":75,"column":3}}},"3":{"name":"(anonymous_3)","decl":{"start":{"line":97,"column":17},"end":{"line":97,"column":21}},"loc":{"start":{"line":98,"column":8},"end":{"line":125,"column":10}}}},"branchMap":{"0":{"loc":{"start":{"line":37,"column":14},"end":{"line":37,"column":49}},"type":"cond-expr","locations":[{"start":{"line":37,"column":30},"end":{"line":37,"column":35}},{"start":{"line":37,"column":38},"end":{"line":37,"column":49}}]}},"s":{"0":0,"1":0,"2":0,"3":0,"4":0,"5":0,"6":0,"7":0,"8":0},"f":{"0":0,"1":0,"2":0,"3":0},"b":{"0":[0,0]}}
,"D:\\TavernData\\制卡\\世界书编写\\worldbook_newScript\\Script-Destined-Journey\\src\\zod_schema\\utils.ts": {"path":"D:\\TavernData\\制卡\\世界书编写\\worldbook_newScript\\Script-Destined-Journey\\src\\zod_schema\\utils.ts","statementMap":{"0":{"start":{"line":7,"column":26},"end":{"line":11,"column":45}},"1":{"start":{"line":8,"column":2},"end":{"line":11,"column":45}},"2":{"start":{"line":11,"column":22},"end":{"line":11,"column":44}},"3":{"start":{"line":18,"column":29},"end":{"line":22,"column":53}},"4":{"start":{"line":19,"column":2},"end":{"line":22,"column":53}},"5":{"start":{"line":22,"column":22},"end":{"line":22,"column":52}},"6":{"start":{"line":29,"column":20},"end":{"line":30,"column":47}},"7":{"start":{"line":30,"column":2},"end":{"line":30,"column":47}},"8":{"start":{"line":35,"column":26},"end":{"line":41,"column":15}},"9":{"start":{"line":46,"column":30},"end":{"line":56,"column":2}},"10":{"start":{"line":52,"column":22},"end":{"line":52,"column":33}},"11":{"start":{"line":61,"column":31},"end":{"line":63,"column":2}},"12":{"start":{"line":68,"column":27},"end":{"line":70,"column":72}},"13":{"start":{"line":70,"column":21},"end":{"line":70,"column":71}},"14":{"start":{"line":75,"column":34},"end":{"line":83,"column":15}},"15":{"start":{"line":88,"column":35},"end":{"line":90,"column":72}},"16":{"start":{"line":90,"column":21},"end":{"line":90,"column":71}},"17":{"start":{"line":95,"column":20},"end":{"line":101,"column":11}},"18":{"start":{"line":103,"column":30},"end":{"line":105,"column":15}},"19":{"start":{"line":104,"column":41},"end":{"line":104,"column":70}},"20":{"start":{"line":115,"column":31},"end":{"line":164,"column":4}},"21":{"start":{"line":131,"column":19},"end":{"line":131,"column":34}},"22":{"start":{"line":132,"column":21},"end":{"line":132,"column":36}},"23":{"start":{"line":133,"column":23},"end":{"line":133,"column":24}},"24":{"start":{"line":134,"column":21},"end":{"line":134,"column":22}},"25":{"start":{"line":135,"column":21},"end":{"line":135,"column":77}},"26":{"start":{"line":138,"column":4},"end":{"line":145,"column":5}},"27":{"start":{"line":139,"column":6},"end":{"line":144,"column":8}},"28":{"start":{"line":148,"column":4},"end":{"line":155,"column":5}},"29":{"start":{"line":149,"column":6},"end":{"line":154,"column":8}},"30":{"start":{"line":158,"column":4},"end":{"line":163,"column":6}},"31":{"start":{"line":169,"column":30},"end":{"line":185,"column":2}},"32":{"start":{"line":176,"column":22},"end":{"line":176,"column":33}},"33":{"start":{"line":180,"column":22},"end":{"line":180,"column":33}}},"fnMap":{"0":{"name":"(anonymous_0)","decl":{"start":{"line":7,"column":26},"end":{"line":7,"column":27}},"loc":{"start":{"line":8,"column":2},"end":{"line":11,"column":45}}},"1":{"name":"(anonymous_1)","decl":{"start":{"line":11,"column":15},"end":{"line":11,"column":18}},"loc":{"start":{"line":11,"column":22},"end":{"line":11,"column":44}}},"2":{"name":"(anonymous_2)","decl":{"start":{"line":18,"column":29},"end":{"line":18,"column":30}},"loc":{"start":{"line":19,"column":2},"end":{"line":22,"column":53}}},"3":{"name":"(anonymous_3)","decl":{"start":{"line":22,"column":15},"end":{"line":22,"column":18}},"loc":{"start":{"line":22,"column":22},"end":{"line":22,"column":52}}},"4":{"name":"(anonymous_4)","decl":{"start":{"line":29,"column":20},"end":{"line":29,"column":24}},"loc":{"start":{"line":30,"column":2},"end":{"line":30,"column":47}}},"5":{"name":"(anonymous_5)","decl":{"start":{"line":52,"column":15},"end":{"line":52,"column":18}},"loc":{"start":{"line":52,"column":22},"end":{"line":52,"column":33}}},"6":{"name":"(anonymous_6)","decl":{"start":{"line":70,"column":13},"end":{"line":70,"column":17}},"loc":{"start":{"line":70,"column":21},"end":{"line":70,"column":71}}},"7":{"name":"(anonymous_7)","decl":{"start":{"line":90,"column":13},"end":{"line":90,"column":17}},"loc":{"start":{"line":90,"column":21},"end":{"line":90,"column":71}}},"8":{"name":"(anonymous_8)","decl":{"start":{"line":104,"column":35},"end":{"line":104,"column":38}},"loc":{"start":{"line":104,"column":41},"end":{"line":104,"column":70}}},"9":{"name":"(anonymous_9)","decl":{"start":{"line":130,"column":13},"end":{"line":130,"column":17}},"loc":{"start":{"line":130,"column":20},"end":{"line":164,"column":3}}},"10":{"name":"(anonymous_10)","decl":{"start":{"line":176,"column":15},"end":{"line":176,"column":18}},"loc":{"start":{"line":176,"column":22},"end":{"line":176,"column":33}}},"11":{"name":"(anonymous_11)","decl":{"start":{"line":180,"column":15},"end":{"line":180,"column":18}},"loc":{"start":{"line":180,"column":22},"end":{"line":180,"column":33}}}},"branchMap":{"0":{"loc":{"start":{"line":135,"column":21},"end":{"line":135,"column":77}},"type":"cond-expr","locations":[{"start":{"line":135,"column":35},"end":{"line":135,"column":59}},{"start":{"line":135,"column":62},"end":{"line":135,"column":77}}]},"1":{"loc":{"start":{"line":135,"column":62},"end":{"line":135,"column":77}},"type":"cond-expr","locations":[{"start":{"line":135,"column":72},"end":{"line":135,"column":73}},{"start":{"line":135,"column":76},"end":{"line":135,"column":77}}]},"2":{"loc":{"start":{"line":138,"column":4},"end":{"line":145,"column":5}},"type":"if","locations":[{"start":{"line":138,"column":4},"end":{"line":145,"column":5}},{"start":{},"end":{}}]},"3":{"loc":{"start":{"line":148,"column":4},"end":{"line":155,"column":5}},"type":"if","locations":[{"start":{"line":148,"column":4},"end":{"line":155,"column":5}},{"start":{},"end":{}}]}},"s":{"0":0,"1":0,"2":0,"3":0,"4":0,"5":0,"6":0,"7":0,"8":0,"9":0,"10":0,"11":0,"12":0,"13":0,"14":0,"15":0,"16":0,"17":0,"18":0,"19":0,"20":0,"21":0,"22":0,"23":0,"24":0,"25":0,"26":0,"27":0,"28":0,"29":0,"30":0,"31":0,"32":0,"33":0},"f":{"0":0,"1":0,"2":0,"3":0,"4":0,"5":0,"6":0,"7":0,"8":0,"9":0,"10":0,"11":0},"b":{"0":[0,0],"1":[0,0],"2":[0,0],"3":[0,0]}}
}
