TN:
SF:src\index.ts
FN:40,(anonymous_0)
FN:80,(anonymous_1)
FN:96,(anonymous_2)
FNF:3
FNH:0
FNDA:0,(anonymous_0)
FNDA:0,(anonymous_1)
FNDA:0,(anonymous_2)
DA:29,0
DA:40,0
DA:42,0
DA:45,0
DA:46,0
DA:47,0
DA:51,0
DA:54,0
DA:55,0
DA:58,0
DA:62,0
DA:67,0
DA:68,0
DA:69,0
DA:70,0
DA:71,0
DA:72,0
DA:73,0
DA:74,0
DA:80,0
DA:82,0
DA:85,0
DA:86,0
DA:87,0
DA:88,0
DA:89,0
DA:90,0
DA:91,0
DA:92,0
DA:96,0
DA:97,0
LF:31
LH:0
BRDA:46,0,0,0
BRDA:46,0,1,0
BRDA:51,1,0,0
BRDA:51,1,1,0
BRF:4
BRH:0
end_of_record
TN:
SF:src\config\index.ts
FN:71,(anonymous_0)
FN:76,(anonymous_1)
FN:79,(anonymous_2)
FN:80,(anonymous_3)
FN:88,(anonymous_4)
FN:93,(anonymous_5)
FN:98,(anonymous_6)
FNF:7
FNH:3
FNDA:1,(anonymous_0)
FNDA:0,(anonymous_1)
FNDA:0,(anonymous_2)
FNDA:0,(anonymous_3)
FNDA:1,(anonymous_4)
FNDA:5,(anonymous_5)
FNDA:0,(anonymous_6)
DA:13,2
DA:23,2
DA:53,2
DA:67,2
DA:71,2
DA:72,1
DA:76,2
DA:77,0
DA:79,0
DA:80,0
DA:83,0
DA:84,0
DA:88,2
DA:89,1
DA:93,2
DA:94,5
DA:98,2
DA:99,0
LF:18
LH:12
BRDA:84,0,0,0
BRDA:84,0,1,0
BRF:2
BRH:0
end_of_record
TN:
SF:src\injection\event-prompts.ts
FN:14,(anonymous_0)
FNF:1
FNH:0
FNDA:0,(anonymous_0)
DA:14,0
DA:15,0
DA:17,0
DA:26,0
DA:29,0
DA:30,0
DA:40,0
DA:43,0
DA:45,0
DA:54,0
DA:64,0
DA:65,0
LF:12
LH:0
BRDA:29,0,0,0
BRDA:29,0,1,0
BRDA:43,1,0,0
BRDA:43,1,1,0
BRDA:43,2,0,0
BRDA:43,2,1,0
BRDA:64,3,0,0
BRDA:64,3,1,0
BRF:8
BRH:0
end_of_record
TN:
SF:src\injection\game-info.ts
FN:18,(anonymous_0)
FN:20,(anonymous_1)
FN:21,(anonymous_2)
FN:22,(anonymous_3)
FN:35,(anonymous_4)
FNF:5
FNH:0
FNDA:0,(anonymous_0)
FNDA:0,(anonymous_1)
FNDA:0,(anonymous_2)
FNDA:0,(anonymous_3)
FNDA:0,(anonymous_4)
DA:13,0
DA:18,0
DA:19,0
DA:20,0
DA:21,0
DA:22,0
DA:35,0
DA:37,0
DA:38,0
DA:39,0
DA:40,0
DA:43,0
DA:46,0
LF:13
LH:0
BRF:0
BRH:0
end_of_record
TN:
SF:src\services\achievement.ts
FN:4,achievement
FNF:1
FNH:0
FNDA:0,achievement
DA:5,0
DA:6,0
DA:8,0
DA:15,0
LF:4
LH:0
BRDA:6,0,0,0
BRDA:6,0,1,0
BRF:2
BRH:0
end_of_record
TN:
SF:src\services\ascension.ts
FN:47,(anonymous_0)
FN:52,(anonymous_1)
FN:57,(anonymous_2)
FN:61,(anonymous_3)
FN:68,(anonymous_4)
FN:79,(anonymous_5)
FN:103,(anonymous_6)
FNF:7
FNH:7
FNDA:5,(anonymous_0)
FNDA:5,(anonymous_1)
FNDA:4,(anonymous_2)
FNDA:21,(anonymous_3)
FNDA:18,(anonymous_4)
FNDA:13,(anonymous_5)
FNDA:5,(anonymous_6)
DA:5,2
DA:7,2
DA:9,2
DA:11,2
DA:19,2
DA:47,2
DA:48,5
DA:49,5
DA:52,2
DA:53,5
DA:54,5
DA:57,2
DA:58,4
DA:61,2
DA:62,21
DA:63,0
DA:68,2
DA:69,18
DA:79,2
DA:80,13
DA:81,0
DA:84,13
DA:85,13
DA:86,13
DA:88,13
DA:90,4
DA:92,3
DA:94,3
DA:96,3
DA:98,0
DA:103,2
DA:104,5
DA:105,5
DA:106,5
DA:107,5
DA:108,5
DA:109,5
DA:110,5
DA:113,5
DA:114,1
DA:117,5
DA:118,5
DA:120,5
DA:121,1
DA:123,4
DA:126,5
DA:127,1
DA:129,4
DA:132,5
DA:133,1
DA:135,4
DA:138,5
DA:139,0
DA:141,5
DA:144,5
DA:145,1
DA:147,4
DA:150,5
DA:151,0
LF:59
LH:54
BRDA:49,0,0,5
BRDA:49,0,1,0
BRDA:54,1,0,5
BRDA:54,1,1,5
BRDA:62,2,0,0
BRDA:62,2,1,21
BRDA:80,3,0,0
BRDA:80,3,1,13
BRDA:88,4,0,4
BRDA:88,4,1,3
BRDA:88,4,2,3
BRDA:88,4,3,3
BRDA:88,4,4,0
BRDA:96,5,0,3
BRDA:96,5,1,3
BRDA:113,6,0,1
BRDA:113,6,1,4
BRDA:113,7,0,5
BRDA:113,7,1,2
BRDA:113,7,2,1
BRDA:117,8,0,5
BRDA:117,8,1,1
BRDA:117,8,2,1
BRDA:118,9,0,5
BRDA:118,9,1,5
BRDA:120,10,0,1
BRDA:120,10,1,4
BRDA:120,11,0,5
BRDA:120,11,1,1
BRDA:120,11,2,1
BRDA:126,12,0,1
BRDA:126,12,1,4
BRDA:126,13,0,5
BRDA:126,13,1,1
BRDA:126,13,2,1
BRDA:126,13,3,1
BRDA:132,14,0,1
BRDA:132,14,1,4
BRDA:132,15,0,5
BRDA:132,15,1,2
BRDA:132,15,2,1
BRDA:132,15,3,1
BRDA:138,16,0,0
BRDA:138,16,1,5
BRDA:138,17,0,5
BRDA:138,17,1,0
BRDA:138,17,2,0
BRDA:138,17,3,0
BRDA:144,18,0,1
BRDA:144,18,1,4
BRDA:144,19,0,5
BRDA:144,19,1,1
BRDA:144,19,2,1
BRDA:150,20,0,0
BRDA:150,20,1,5
BRDA:150,21,0,5
BRDA:150,21,1,2
BRF:57
BRH:48
end_of_record
TN:
SF:src\services\event.ts
FN:16,(anonymous_0)
FNF:1
FNH:0
FNDA:0,(anonymous_0)
DA:16,0
DA:18,0
DA:21,0
DA:22,0
DA:23,0
DA:24,0
DA:25,0
DA:28,0
DA:34,0
DA:36,0
DA:43,0
DA:45,0
DA:48,0
DA:51,0
DA:52,0
DA:54,0
DA:55,0
DA:56,0
DA:57,0
DA:58,0
DA:62,0
LF:21
LH:0
BRDA:34,0,0,0
BRDA:34,0,1,0
BRDA:43,1,0,0
BRDA:43,1,1,0
BRDA:52,2,0,0
BRDA:52,2,1,0
BRF:6
BRH:0
end_of_record
TN:
SF:src\services\experience.ts
FN:16,(anonymous_0)
FN:47,(anonymous_1)
FNF:2
FNH:2
FNDA:5,(anonymous_0)
FNDA:5,(anonymous_1)
DA:5,1
DA:7,1
DA:8,1
DA:16,1
DA:17,5
DA:18,5
DA:19,5
DA:22,5
DA:23,5
DA:24,5
DA:26,4
DA:27,4
DA:30,1
DA:31,1
DA:34,1
DA:35,1
DA:36,1
DA:45,1
DA:46,1
DA:47,1
DA:48,5
DA:49,5
DA:51,1
DA:56,5
DA:57,1
DA:65,5
DA:66,1
LF:27
LH:27
BRDA:22,0,0,6
BRDA:22,0,1,5
BRDA:24,1,0,4
BRDA:24,1,1,1
BRDA:34,2,0,1
BRDA:34,2,1,0
BRDA:46,3,0,1
BRDA:46,3,1,0
BRDA:56,4,0,1
BRDA:56,4,1,4
BRDA:65,5,0,1
BRDA:65,5,1,4
BRF:12
BRH:10
end_of_record
TN:
SF:src\services\log.ts
FN:22,(anonymous_0)
FN:35,(anonymous_1)
FN:48,(anonymous_2)
FN:63,(anonymous_3)
FN:76,(anonymous_4)
FN:90,(anonymous_5)
FN:111,(anonymous_6)
FNF:7
FNH:0
FNDA:0,(anonymous_0)
FNDA:0,(anonymous_1)
FNDA:0,(anonymous_2)
FNDA:0,(anonymous_3)
FNDA:0,(anonymous_4)
FNDA:0,(anonymous_5)
FNDA:0,(anonymous_6)
DA:11,0
DA:22,0
DA:23,0
DA:24,0
DA:25,0
DA:27,0
DA:35,0
DA:36,0
DA:37,0
DA:39,0
DA:40,0
DA:48,0
DA:49,0
DA:51,0
DA:52,0
DA:53,0
DA:54,0
DA:63,0
DA:64,0
DA:65,0
DA:67,0
DA:68,0
DA:76,0
DA:77,0
DA:78,0
DA:80,0
DA:81,0
DA:82,0
DA:90,0
DA:92,0
DA:93,0
DA:96,0
DA:99,0
DA:100,0
DA:104,0
DA:111,0
DA:116,0
DA:119,0
DA:120,0
DA:121,0
DA:122,0
DA:126,0
LF:42
LH:0
BRDA:24,0,0,0
BRDA:24,0,1,0
BRDA:39,1,0,0
BRDA:39,1,1,0
BRDA:39,2,0,0
BRDA:39,2,1,0
BRDA:51,3,0,0
BRDA:51,3,1,0
BRDA:53,4,0,0
BRDA:53,4,1,0
BRDA:67,5,0,0
BRDA:67,5,1,0
BRDA:67,6,0,0
BRDA:67,6,1,0
BRDA:80,7,0,0
BRDA:80,7,1,0
BRDA:99,8,0,0
BRDA:99,8,1,0
BRF:18
BRH:0
end_of_record
TN:
SF:src\services\maintain.ts
FN:19,(anonymous_0)
FNF:1
FNH:0
FNDA:0,(anonymous_0)
DA:19,0
DA:20,0
DA:21,0
DA:22,0
DA:25,0
DA:28,0
DA:29,0
DA:30,0
DA:31,0
DA:35,0
DA:38,0
DA:39,0
DA:40,0
DA:41,0
DA:46,0
LF:15
LH:0
BRDA:28,0,0,0
BRDA:28,0,1,0
BRDA:28,1,0,0
BRDA:28,1,1,0
BRDA:38,2,0,0
BRDA:38,2,1,0
BRDA:40,3,0,0
BRDA:40,3,1,0
BRF:8
BRH:0
end_of_record
TN:
SF:src\services\npc-experience.ts
FN:20,(anonymous_0)
FN:36,(anonymous_1)
FN:47,(anonymous_2)
FN:57,(anonymous_3)
FNF:4
FNH:0
FNDA:0,(anonymous_0)
FNDA:0,(anonymous_1)
FNDA:0,(anonymous_2)
FNDA:0,(anonymous_3)
DA:20,0
DA:21,0
DA:22,0
DA:25,0
DA:28,0
DA:29,0
DA:30,0
DA:33,0
DA:36,0
DA:37,0
DA:38,0
DA:47,0
DA:48,0
DA:49,0
DA:54,0
DA:57,0
DA:58,0
DA:59,0
DA:61,0
DA:66,0
DA:69,0
DA:70,0
DA:72,0
DA:75,0
DA:76,0
DA:77,0
DA:79,0
DA:81,0
DA:82,0
DA:86,0
DA:89,0
DA:90,0
DA:91,0
DA:95,0
DA:96,0
DA:97,0
DA:98,0
DA:102,0
DA:103,0
DA:104,0
DA:106,0
DA:111,0
DA:114,0
DA:115,0
LF:44
LH:0
BRDA:37,0,0,0
BRDA:37,0,1,0
BRDA:48,1,0,0
BRDA:48,1,1,0
BRDA:59,2,0,0
BRDA:59,2,1,0
BRDA:66,3,0,0
BRDA:66,3,1,0
BRDA:72,4,0,0
BRDA:72,4,1,0
BRDA:75,5,0,0
BRDA:75,5,1,0
BRDA:76,6,0,0
BRDA:76,6,1,0
BRDA:79,7,0,0
BRDA:79,7,1,0
BRDA:81,8,0,0
BRDA:81,8,1,0
BRDA:81,9,0,0
BRDA:81,9,1,0
BRDA:86,10,0,0
BRDA:86,10,1,0
BRDA:89,11,0,0
BRDA:89,11,1,0
BRDA:89,11,2,0
BRDA:89,11,3,0
BRDA:89,11,4,0
BRDA:90,12,0,0
BRDA:90,12,1,0
BRDA:96,13,0,0
BRDA:96,13,1,0
BRDA:96,13,2,0
BRDA:102,14,0,0
BRDA:102,14,1,0
BRDA:114,15,0,0
BRDA:114,15,1,0
BRF:36
BRH:0
end_of_record
TN:
SF:src\types\index.d.ts
FNF:0
FNH:0
LF:0
LH:0
BRF:0
BRH:0
end_of_record
TN:
SF:src\utils\common.ts
FN:3,assignInplace
FN:9,chunkBy
FN:25,uuidv4
FN:26,(anonymous_3)
FN:33,checkMinimumVersion
FN:39,prettifyErrorWithInput
FN:41,(anonymous_6)
FN:42,(anonymous_7)
FNF:8
FNH:0
FNDA:0,assignInplace
FNDA:0,chunkBy
FNDA:0,uuidv4
FNDA:0,(anonymous_3)
FNDA:0,checkMinimumVersion
FNDA:0,prettifyErrorWithInput
FNDA:0,(anonymous_6)
FNDA:0,(anonymous_7)
DA:4,0
DA:5,0
DA:6,0
DA:10,0
DA:11,0
DA:14,0
DA:15,0
DA:16,0
DA:17,0
DA:19,0
DA:22,0
DA:26,0
DA:27,0
DA:28,0
DA:29,0
DA:34,0
DA:35,0
DA:40,0
DA:41,0
DA:43,0
DA:44,0
DA:45,0
DA:47,0
DA:48,0
DA:50,0
LF:25
LH:0
BRDA:10,0,0,0
BRDA:10,0,1,0
BRDA:16,1,0,0
BRDA:16,1,1,0
BRDA:28,2,0,0
BRDA:28,2,1,0
BRDA:34,3,0,0
BRDA:34,3,1,0
BRDA:41,4,0,0
BRDA:41,4,1,0
BRDA:44,5,0,0
BRDA:44,5,1,0
BRDA:47,6,0,0
BRDA:47,6,1,0
BRF:14
BRH:0
end_of_record
TN:
SF:src\utils\index.ts
FN:14,(anonymous_0)
FN:22,(anonymous_1)
FN:30,(anonymous_2)
FN:37,(anonymous_3)
FN:61,(anonymous_4)
FN:70,(anonymous_5)
FN:81,(anonymous_6)
FN:82,(anonymous_7)
FN:86,(anonymous_8)
FNF:9
FNH:4
FNDA:0,(anonymous_0)
FNDA:0,(anonymous_1)
FNDA:172,(anonymous_2)
FNDA:2,(anonymous_3)
FNDA:1,(anonymous_4)
FNDA:2,(anonymous_5)
FNDA:0,(anonymous_6)
FNDA:0,(anonymous_7)
FNDA:0,(anonymous_8)
DA:5,2
DA:8,2
DA:14,2
DA:15,0
DA:22,2
DA:23,0
DA:30,2
DA:31,172
DA:37,2
DA:46,2
DA:48,2
DA:61,2
DA:70,1
DA:71,2
DA:74,1
DA:81,2
DA:82,0
DA:83,0
DA:84,0
DA:85,0
DA:86,0
DA:87,0
DA:88,0
DA:91,0
DA:93,0
DA:94,0
LF:26
LH:14
BRDA:46,0,0,0
BRDA:46,1,0,0
BRDA:46,2,0,0
BRDA:46,3,0,2
BRDA:46,3,1,0
BRDA:70,4,0,0
BRDA:70,5,0,2
BRDA:70,6,0,0
BRDA:85,7,0,0
BRDA:85,7,1,0
BRDA:87,8,0,0
BRDA:87,8,1,0
BRDA:93,9,0,0
BRDA:93,9,1,0
BRF:14
BRH:2
end_of_record
TN:
SF:src\utils\script.ts
FN:1,loadReadme
FN:11,teleportStyle
FN:21,deteleportStyle
FN:25,createScriptIdDiv
FN:29,destroyScriptIdDiv
FN:33,reloadOnChatChange
FN:35,(anonymous_6)
FNF:7
FNH:0
FNDA:0,loadReadme
FNDA:0,teleportStyle
FNDA:0,deteleportStyle
FNDA:0,createScriptIdDiv
FNDA:0,destroyScriptIdDiv
FNDA:0,reloadOnChatChange
FNDA:0,(anonymous_6)
DA:2,0
DA:3,0
DA:4,0
DA:6,0
DA:7,0
DA:8,0
DA:12,0
DA:13,0
DA:15,0
DA:18,0
DA:22,0
DA:26,0
DA:30,0
DA:34,0
DA:35,0
DA:36,0
DA:37,0
DA:38,0
LF:18
LH:0
BRDA:3,0,0,0
BRDA:3,0,1,0
BRDA:12,1,0,0
BRDA:12,1,1,0
BRDA:36,2,0,0
BRDA:36,2,1,0
BRF:6
BRH:0
end_of_record
TN:
SF:src\zod_schema\schema.ts
FN:29,(anonymous_0)
FN:29,(anonymous_1)
FN:34,(anonymous_2)
FN:97,(anonymous_3)
FNF:4
FNH:0
FNDA:0,(anonymous_0)
FNDA:0,(anonymous_1)
FNDA:0,(anonymous_2)
FNDA:0,(anonymous_3)
DA:13,0
DA:29,0
DA:35,0
DA:43,0
DA:80,0
DA:98,0
DA:133,0
DA:162,0
LF:8
LH:0
BRDA:37,0,0,0
BRDA:37,0,1,0
BRF:2
BRH:0
end_of_record
TN:
SF:src\zod_schema\utils.ts
FN:7,(anonymous_0)
FN:11,(anonymous_1)
FN:18,(anonymous_2)
FN:22,(anonymous_3)
FN:29,(anonymous_4)
FN:52,(anonymous_5)
FN:70,(anonymous_6)
FN:90,(anonymous_7)
FN:104,(anonymous_8)
FN:130,(anonymous_9)
FN:176,(anonymous_10)
FN:180,(anonymous_11)
FNF:12
FNH:0
FNDA:0,(anonymous_0)
FNDA:0,(anonymous_1)
FNDA:0,(anonymous_2)
FNDA:0,(anonymous_3)
FNDA:0,(anonymous_4)
FNDA:0,(anonymous_5)
FNDA:0,(anonymous_6)
FNDA:0,(anonymous_7)
FNDA:0,(anonymous_8)
FNDA:0,(anonymous_9)
FNDA:0,(anonymous_10)
FNDA:0,(anonymous_11)
DA:7,0
DA:8,0
DA:11,0
DA:18,0
DA:19,0
DA:22,0
DA:29,0
DA:30,0
DA:35,0
DA:46,0
DA:52,0
DA:61,0
DA:68,0
DA:70,0
DA:75,0
DA:88,0
DA:90,0
DA:95,0
DA:103,0
DA:104,0
DA:115,0
DA:131,0
DA:132,0
DA:133,0
DA:134,0
DA:135,0
DA:138,0
DA:139,0
DA:148,0
DA:149,0
DA:158,0
DA:169,0
DA:176,0
DA:180,0
LF:34
LH:0
BRDA:135,0,0,0
BRDA:135,0,1,0
BRDA:135,1,0,0
BRDA:135,1,1,0
BRDA:138,2,0,0
BRDA:138,2,1,0
BRDA:148,3,0,0
BRDA:148,3,1,0
BRF:8
BRH:0
end_of_record
